Analysis & Synthesis report for ReactionGame
Fri Apr 20 21:17:24 2018
Quartus Prime Version 16.0.0 Build 211 04/27/2016 SJ Lite Edition


---------------------
; Table of Contents ;
---------------------
  1. Legal Notice
  2. Analysis & Synthesis Summary
  3. Analysis & Synthesis Settings
  4. Parallel Compilation
  5. Analysis & Synthesis Source Files Read
  6. Analysis & Synthesis Resource Usage Summary
  7. Analysis & Synthesis Resource Utilization by Entity
  8. State Machine - |ReactionGame|lcd_controller:display|state
  9. Registers Removed During Synthesis
 10. Removed Registers Triggering Further Register Optimizations
 11. General Register Statistics
 12. Multiplexer Restructuring Statistics (Restructuring Performed)
 13. Port Connectivity Checks: "lcd_controller:display"
 14. Port Connectivity Checks: "Game:game1|GameOverFSM:gameisover1|D_FF:dff"
 15. Port Connectivity Checks: "Game:game1|CounterCheck:checker1|DelayAdder:counter1|ElevenBitAdder:add1|OneBitAdd:a11"
 16. Port Connectivity Checks: "Game:game1|CounterCheck:checker1|DelayAdder:counter1|ElevenBitAdder:add1|OneBitAdd:a1"
 17. Port Connectivity Checks: "Game:game1|CounterCheck:checker1|DelayAdder:counter1|ElevenBitAdder:add1"
 18. Analysis & Synthesis Messages



----------------
; Legal Notice ;
----------------
Copyright (C) 1991-2016 Altera Corporation. All rights reserved.
Your use of Altera Corporation's design tools, logic functions 
and other software and tools, and its AMPP partner logic 
functions, and any output files from any of the foregoing 
(including device programming or simulation files), and any 
associated documentation or information are expressly subject 
to the terms and conditions of the Altera Program License 
Subscription Agreement, the Altera Quartus Prime License Agreement,
the Altera MegaCore Function License Agreement, or other 
applicable license agreement, including, without limitation, 
that your use is for the sole purpose of programming logic 
devices manufactured by Altera and sold by Altera or its 
authorized distributors.  Please refer to the applicable 
agreement for further details.



+---------------------------------------------------------------------------+
; Analysis & Synthesis Summary                                              ;
+-----------------------------+---------------------------------------------+
; Analysis & Synthesis Status ; Successful - Fri Apr 20 21:17:24 2018       ;
; Quartus Prime Version       ; 16.0.0 Build 211 04/27/2016 SJ Lite Edition ;
; Revision Name               ; ReactionGame                                ;
; Top-level Entity Name       ; ReactionGame                                ;
; Family                      ; MAX V                                       ;
; Total logic elements        ; 344                                         ;
; Total pins                  ; 30                                          ;
; Total virtual pins          ; 0                                           ;
; UFM blocks                  ; 0 / 1 ( 0 % )                               ;
+-----------------------------+---------------------------------------------+


+----------------------------------------------------------------------------------------------------------------------+
; Analysis & Synthesis Settings                                                                                        ;
+----------------------------------------------------------------------------+--------------------+--------------------+
; Option                                                                     ; Setting            ; Default Value      ;
+----------------------------------------------------------------------------+--------------------+--------------------+
; Device                                                                     ; 5M1270ZT144C5      ;                    ;
; Top-level entity name                                                      ; ReactionGame       ; ReactionGame       ;
; Family name                                                                ; MAX V              ; Cyclone V          ;
; Use smart compilation                                                      ; Off                ; Off                ;
; Enable parallel Assembler and TimeQuest Timing Analyzer during compilation ; On                 ; On                 ;
; Enable compact report table                                                ; Off                ; Off                ;
; Restructure Multiplexers                                                   ; Auto               ; Auto               ;
; Create Debugging Nodes for IP Cores                                        ; Off                ; Off                ;
; Preserve fewer node names                                                  ; On                 ; On                 ;
; Disable OpenCore Plus hardware evaluation                                  ; Off                ; Off                ;
; Verilog Version                                                            ; Verilog_2001       ; Verilog_2001       ;
; VHDL Version                                                               ; VHDL_1993          ; VHDL_1993          ;
; State Machine Processing                                                   ; Auto               ; Auto               ;
; Safe State Machine                                                         ; Off                ; Off                ;
; Extract Verilog State Machines                                             ; On                 ; On                 ;
; Extract VHDL State Machines                                                ; On                 ; On                 ;
; Ignore Verilog initial constructs                                          ; Off                ; Off                ;
; Iteration limit for constant Verilog loops                                 ; 5000               ; 5000               ;
; Iteration limit for non-constant Verilog loops                             ; 250                ; 250                ;
; Add Pass-Through Logic to Inferred RAMs                                    ; On                 ; On                 ;
; Infer RAMs from Raw Logic                                                  ; On                 ; On                 ;
; Parallel Synthesis                                                         ; On                 ; On                 ;
; NOT Gate Push-Back                                                         ; On                 ; On                 ;
; Power-Up Don't Care                                                        ; On                 ; On                 ;
; Remove Redundant Logic Cells                                               ; Off                ; Off                ;
; Remove Duplicate Registers                                                 ; On                 ; On                 ;
; Ignore CARRY Buffers                                                       ; Off                ; Off                ;
; Ignore CASCADE Buffers                                                     ; Off                ; Off                ;
; Ignore GLOBAL Buffers                                                      ; Off                ; Off                ;
; Ignore ROW GLOBAL Buffers                                                  ; Off                ; Off                ;
; Ignore LCELL Buffers                                                       ; Off                ; Off                ;
; Ignore SOFT Buffers                                                        ; On                 ; On                 ;
; Limit AHDL Integers to 32 Bits                                             ; Off                ; Off                ;
; Optimization Technique                                                     ; Balanced           ; Balanced           ;
; Carry Chain Length                                                         ; 70                 ; 70                 ;
; Auto Carry Chains                                                          ; On                 ; On                 ;
; Auto Open-Drain Pins                                                       ; On                 ; On                 ;
; Perform WYSIWYG Primitive Resynthesis                                      ; Off                ; Off                ;
; Auto Shift Register Replacement                                            ; Auto               ; Auto               ;
; Allow Shift Register Merging across Hierarchies                            ; Auto               ; Auto               ;
; Auto Clock Enable Replacement                                              ; On                 ; On                 ;
; Allow Synchronous Control Signals                                          ; On                 ; On                 ;
; Force Use of Synchronous Clear Signals                                     ; Off                ; Off                ;
; Auto Resource Sharing                                                      ; Off                ; Off                ;
; Use LogicLock Constraints during Resource Balancing                        ; On                 ; On                 ;
; Ignore translate_off and synthesis_off directives                          ; Off                ; Off                ;
; Report Parameter Settings                                                  ; On                 ; On                 ;
; Report Source Assignments                                                  ; On                 ; On                 ;
; Report Connectivity Checks                                                 ; On                 ; On                 ;
; Ignore Maximum Fan-Out Assignments                                         ; Off                ; Off                ;
; Synchronization Register Chain Length                                      ; 2                  ; 2                  ;
; PowerPlay Power Optimization During Synthesis                              ; Normal compilation ; Normal compilation ;
; HDL message level                                                          ; Level2             ; Level2             ;
; Suppress Register Optimization Related Messages                            ; Off                ; Off                ;
; Number of Removed Registers Reported in Synthesis Report                   ; 5000               ; 5000               ;
; Number of Swept Nodes Reported in Synthesis Report                         ; 5000               ; 5000               ;
; Number of Inverted Registers Reported in Synthesis Report                  ; 100                ; 100                ;
; Clock MUX Protection                                                       ; On                 ; On                 ;
; Block Design Naming                                                        ; Auto               ; Auto               ;
; Synthesis Effort                                                           ; Auto               ; Auto               ;
; Shift Register Replacement - Allow Asynchronous Clear Signal               ; On                 ; On                 ;
; Analysis & Synthesis Message Level                                         ; Medium             ; Medium             ;
; Disable Register Merging Across Hierarchies                                ; Auto               ; Auto               ;
; Synthesis Seed                                                             ; 1                  ; 1                  ;
+----------------------------------------------------------------------------+--------------------+--------------------+


Parallel compilation was disabled, but you have multiple processors available. Enable parallel compilation to reduce compilation time.
+-------------------------------------+
; Parallel Compilation                ;
+----------------------------+--------+
; Processors                 ; Number ;
+----------------------------+--------+
; Number detected on machine ; 4      ;
; Maximum allowed            ; 1      ;
+----------------------------+--------+


+----------------------------------------------------------------------------------------------------------------------------------------------------------------------------------------+
; Analysis & Synthesis Source Files Read                                                                                                                                                 ;
+----------------------------------+-----------------+-----------------+-------------------------------------------------------------------------------------------------------+---------+
; File Name with User-Entered Path ; Used in Netlist ; File Type       ; File Name with Absolute Path                                                                          ; Library ;
+----------------------------------+-----------------+-----------------+-------------------------------------------------------------------------------------------------------+---------+
; ReactionGame.vhd                 ; yes             ; User VHDL File  ; /home/dimple/Downloads/Second Year- Second Semester/EE 214- Digital Lab/ReactionGame/ReactionGame.vhd ;         ;
+----------------------------------+-----------------+-----------------+-------------------------------------------------------------------------------------------------------+---------+


+------------------------------------------------------+
; Analysis & Synthesis Resource Usage Summary          ;
+---------------------------------------------+--------+
; Resource                                    ; Usage  ;
+---------------------------------------------+--------+
; Total logic elements                        ; 344    ;
;     -- Combinational with no register       ; 175    ;
;     -- Register only                        ; 74     ;
;     -- Combinational with a register        ; 95     ;
;                                             ;        ;
; Logic element usage by number of LUT inputs ;        ;
;     -- 4 input functions                    ; 80     ;
;     -- 3 input functions                    ; 49     ;
;     -- 2 input functions                    ; 85     ;
;     -- 1 input functions                    ; 55     ;
;     -- 0 input functions                    ; 1      ;
;                                             ;        ;
; Logic elements by mode                      ;        ;
;     -- normal mode                          ; 313    ;
;     -- arithmetic mode                      ; 31     ;
;     -- qfbk mode                            ; 0      ;
;     -- register cascade mode                ; 0      ;
;     -- synchronous clear/load mode          ; 7      ;
;     -- asynchronous clear/load mode         ; 100    ;
;                                             ;        ;
; Total registers                             ; 169    ;
; Total logic cells in carry chains           ; 32     ;
; I/O pins                                    ; 30     ;
; Maximum fan-out node                        ; reset1 ;
; Maximum fan-out                             ; 93     ;
; Total fan-out                               ; 1122   ;
; Average fan-out                             ; 3.00   ;
+---------------------------------------------+--------+


+--------------------------------------------------------------------------------------------------------------------------------------------------------------------------------------------------------------------------------------------------------------------------------------------------------------------------------+
; Analysis & Synthesis Resource Utilization by Entity                                                                                                                                                                                                                                                                            ;
+------------------------------------+-------------+--------------+------------+------+--------------+--------------+-------------------+------------------+-----------------+------------+------------------------------------------------------------------------------------------------------+----------------+--------------+
; Compilation Hierarchy Node         ; Logic Cells ; LC Registers ; UFM Blocks ; Pins ; Virtual Pins ; LUT-Only LCs ; Register-Only LCs ; LUT/Register LCs ; Carry Chain LCs ; Packed LCs ; Full Hierarchy Name                                                                                  ; Entity Name    ; Library Name ;
+------------------------------------+-------------+--------------+------------+------+--------------+--------------+-------------------+------------------+-----------------+------------+------------------------------------------------------------------------------------------------------+----------------+--------------+
; |ReactionGame                      ; 344 (87)    ; 169          ; 0          ; 30   ; 0            ; 175 (49)     ; 74 (31)           ; 95 (7)           ; 32 (32)         ; 0 (0)      ; |ReactionGame                                                                                        ; ReactionGame   ; work         ;
;    |Game:game1|                    ; 171 (27)    ; 84           ; 0          ; 0    ; 0            ; 87 (23)      ; 37 (0)            ; 47 (4)           ; 0 (0)           ; 0 (0)      ; |ReactionGame|Game:game1                                                                             ; Game           ; work         ;
;       |CounterCheck:checker1|      ; 57 (0)      ; 27           ; 0          ; 0    ; 0            ; 30 (0)       ; 10 (0)            ; 17 (0)           ; 0 (0)           ; 0 (0)      ; |ReactionGame|Game:game1|CounterCheck:checker1                                                       ; CounterCheck   ; work         ;
;          |DelayAdder:counter1|     ; 25 (0)      ; 11           ; 0          ; 0    ; 0            ; 14 (0)       ; 10 (0)            ; 1 (0)            ; 0 (0)           ; 0 (0)      ; |ReactionGame|Game:game1|CounterCheck:checker1|DelayAdder:counter1                                   ; DelayAdder     ; work         ;
;             |D_FF:\random:0:twox|  ; 1 (1)       ; 1            ; 0          ; 0    ; 0            ; 0 (0)        ; 0 (0)             ; 1 (1)            ; 0 (0)           ; 0 (0)      ; |ReactionGame|Game:game1|CounterCheck:checker1|DelayAdder:counter1|D_FF:\random:0:twox               ; D_FF           ; work         ;
;             |D_FF:\random:10:twox| ; 1 (1)       ; 1            ; 0          ; 0    ; 0            ; 0 (0)        ; 1 (1)             ; 0 (0)            ; 0 (0)           ; 0 (0)      ; |ReactionGame|Game:game1|CounterCheck:checker1|DelayAdder:counter1|D_FF:\random:10:twox              ; D_FF           ; work         ;
;             |D_FF:\random:1:twox|  ; 1 (1)       ; 1            ; 0          ; 0    ; 0            ; 0 (0)        ; 1 (1)             ; 0 (0)            ; 0 (0)           ; 0 (0)      ; |ReactionGame|Game:game1|CounterCheck:checker1|DelayAdder:counter1|D_FF:\random:1:twox               ; D_FF           ; work         ;
;             |D_FF:\random:2:twox|  ; 1 (1)       ; 1            ; 0          ; 0    ; 0            ; 0 (0)        ; 1 (1)             ; 0 (0)            ; 0 (0)           ; 0 (0)      ; |ReactionGame|Game:game1|CounterCheck:checker1|DelayAdder:counter1|D_FF:\random:2:twox               ; D_FF           ; work         ;
;             |D_FF:\random:3:twox|  ; 1 (1)       ; 1            ; 0          ; 0    ; 0            ; 0 (0)        ; 1 (1)             ; 0 (0)            ; 0 (0)           ; 0 (0)      ; |ReactionGame|Game:game1|CounterCheck:checker1|DelayAdder:counter1|D_FF:\random:3:twox               ; D_FF           ; work         ;
;             |D_FF:\random:4:twox|  ; 1 (1)       ; 1            ; 0          ; 0    ; 0            ; 0 (0)        ; 1 (1)             ; 0 (0)            ; 0 (0)           ; 0 (0)      ; |ReactionGame|Game:game1|CounterCheck:checker1|DelayAdder:counter1|D_FF:\random:4:twox               ; D_FF           ; work         ;
;             |D_FF:\random:5:twox|  ; 1 (1)       ; 1            ; 0          ; 0    ; 0            ; 0 (0)        ; 1 (1)             ; 0 (0)            ; 0 (0)           ; 0 (0)      ; |ReactionGame|Game:game1|CounterCheck:checker1|DelayAdder:counter1|D_FF:\random:5:twox               ; D_FF           ; work         ;
;             |D_FF:\random:6:twox|  ; 1 (1)       ; 1            ; 0          ; 0    ; 0            ; 0 (0)        ; 1 (1)             ; 0 (0)            ; 0 (0)           ; 0 (0)      ; |ReactionGame|Game:game1|CounterCheck:checker1|DelayAdder:counter1|D_FF:\random:6:twox               ; D_FF           ; work         ;
;             |D_FF:\random:7:twox|  ; 1 (1)       ; 1            ; 0          ; 0    ; 0            ; 0 (0)        ; 1 (1)             ; 0 (0)            ; 0 (0)           ; 0 (0)      ; |ReactionGame|Game:game1|CounterCheck:checker1|DelayAdder:counter1|D_FF:\random:7:twox               ; D_FF           ; work         ;
;             |D_FF:\random:8:twox|  ; 1 (1)       ; 1            ; 0          ; 0    ; 0            ; 0 (0)        ; 1 (1)             ; 0 (0)            ; 0 (0)           ; 0 (0)      ; |ReactionGame|Game:game1|CounterCheck:checker1|DelayAdder:counter1|D_FF:\random:8:twox               ; D_FF           ; work         ;
;             |D_FF:\random:9:twox|  ; 1 (1)       ; 1            ; 0          ; 0    ; 0            ; 0 (0)        ; 1 (1)             ; 0 (0)            ; 0 (0)           ; 0 (0)      ; |ReactionGame|Game:game1|CounterCheck:checker1|DelayAdder:counter1|D_FF:\random:9:twox               ; D_FF           ; work         ;
;             |ElevenBitAdder:add1|  ; 14 (0)      ; 0            ; 0          ; 0    ; 0            ; 14 (0)       ; 0 (0)             ; 0 (0)            ; 0 (0)           ; 0 (0)      ; |ReactionGame|Game:game1|CounterCheck:checker1|DelayAdder:counter1|ElevenBitAdder:add1               ; ElevenBitAdder ; work         ;
;                |OneBitAdd:a10|     ; 1 (1)       ; 0            ; 0          ; 0    ; 0            ; 1 (1)        ; 0 (0)             ; 0 (0)            ; 0 (0)           ; 0 (0)      ; |ReactionGame|Game:game1|CounterCheck:checker1|DelayAdder:counter1|ElevenBitAdder:add1|OneBitAdd:a10 ; OneBitAdd      ; work         ;
;                |OneBitAdd:a11|     ; 1 (1)       ; 0            ; 0          ; 0    ; 0            ; 1 (1)        ; 0 (0)             ; 0 (0)            ; 0 (0)           ; 0 (0)      ; |ReactionGame|Game:game1|CounterCheck:checker1|DelayAdder:counter1|ElevenBitAdder:add1|OneBitAdd:a11 ; OneBitAdd      ; work         ;
;                |OneBitAdd:a1|      ; 1 (1)       ; 0            ; 0          ; 0    ; 0            ; 1 (1)        ; 0 (0)             ; 0 (0)            ; 0 (0)           ; 0 (0)      ; |ReactionGame|Game:game1|CounterCheck:checker1|DelayAdder:counter1|ElevenBitAdder:add1|OneBitAdd:a1  ; OneBitAdd      ; work         ;
;                |OneBitAdd:a2|      ; 2 (2)       ; 0            ; 0          ; 0    ; 0            ; 2 (2)        ; 0 (0)             ; 0 (0)            ; 0 (0)           ; 0 (0)      ; |ReactionGame|Game:game1|CounterCheck:checker1|DelayAdder:counter1|ElevenBitAdder:add1|OneBitAdd:a2  ; OneBitAdd      ; work         ;
;                |OneBitAdd:a3|      ; 1 (1)       ; 0            ; 0          ; 0    ; 0            ; 1 (1)        ; 0 (0)             ; 0 (0)            ; 0 (0)           ; 0 (0)      ; |ReactionGame|Game:game1|CounterCheck:checker1|DelayAdder:counter1|ElevenBitAdder:add1|OneBitAdd:a3  ; OneBitAdd      ; work         ;
;                |OneBitAdd:a4|      ; 1 (1)       ; 0            ; 0          ; 0    ; 0            ; 1 (1)        ; 0 (0)             ; 0 (0)            ; 0 (0)           ; 0 (0)      ; |ReactionGame|Game:game1|CounterCheck:checker1|DelayAdder:counter1|ElevenBitAdder:add1|OneBitAdd:a4  ; OneBitAdd      ; work         ;
;                |OneBitAdd:a5|      ; 2 (2)       ; 0            ; 0          ; 0    ; 0            ; 2 (2)        ; 0 (0)             ; 0 (0)            ; 0 (0)           ; 0 (0)      ; |ReactionGame|Game:game1|CounterCheck:checker1|DelayAdder:counter1|ElevenBitAdder:add1|OneBitAdd:a5  ; OneBitAdd      ; work         ;
;                |OneBitAdd:a6|      ; 1 (1)       ; 0            ; 0          ; 0    ; 0            ; 1 (1)        ; 0 (0)             ; 0 (0)            ; 0 (0)           ; 0 (0)      ; |ReactionGame|Game:game1|CounterCheck:checker1|DelayAdder:counter1|ElevenBitAdder:add1|OneBitAdd:a6  ; OneBitAdd      ; work         ;
;                |OneBitAdd:a7|      ; 1 (1)       ; 0            ; 0          ; 0    ; 0            ; 1 (1)        ; 0 (0)             ; 0 (0)            ; 0 (0)           ; 0 (0)      ; |ReactionGame|Game:game1|CounterCheck:checker1|DelayAdder:counter1|ElevenBitAdder:add1|OneBitAdd:a7  ; OneBitAdd      ; work         ;
;                |OneBitAdd:a8|      ; 2 (2)       ; 0            ; 0          ; 0    ; 0            ; 2 (2)        ; 0 (0)             ; 0 (0)            ; 0 (0)           ; 0 (0)      ; |ReactionGame|Game:game1|CounterCheck:checker1|DelayAdder:counter1|ElevenBitAdder:add1|OneBitAdd:a8  ; OneBitAdd      ; work         ;
;                |OneBitAdd:a9|      ; 1 (1)       ; 0            ; 0          ; 0    ; 0            ; 1 (1)        ; 0 (0)             ; 0 (0)            ; 0 (0)           ; 0 (0)      ; |ReactionGame|Game:game1|CounterCheck:checker1|DelayAdder:counter1|ElevenBitAdder:add1|OneBitAdd:a9  ; OneBitAdd      ; work         ;
;          |oneclock:clock1|         ; 32 (0)      ; 16           ; 0          ; 0    ; 0            ; 16 (0)       ; 0 (0)             ; 16 (0)           ; 0 (0)           ; 0 (0)      ; |ReactionGame|Game:game1|CounterCheck:checker1|oneclock:clock1                                       ; oneclock       ; work         ;
;             |dbtwo:\Q1:0:dbtwox|   ; 2 (1)       ; 1            ; 0          ; 0    ; 0            ; 1 (1)        ; 0 (0)             ; 1 (0)            ; 0 (0)           ; 0 (0)      ; |ReactionGame|Game:game1|CounterCheck:checker1|oneclock:clock1|dbtwo:\Q1:0:dbtwox                    ; dbtwo          ; work         ;
;                |D_FF:D_FF1|        ; 1 (1)       ; 1            ; 0          ; 0    ; 0            ; 0 (0)        ; 0 (0)             ; 1 (1)            ; 0 (0)           ; 0 (0)      ; |ReactionGame|Game:game1|CounterCheck:checker1|oneclock:clock1|dbtwo:\Q1:0:dbtwox|D_FF:D_FF1         ; D_FF           ; work         ;
;             |dbtwo:\Q1:10:dbtwox|  ; 2 (1)       ; 1            ; 0          ; 0    ; 0            ; 1 (1)        ; 0 (0)             ; 1 (0)            ; 0 (0)           ; 0 (0)      ; |ReactionGame|Game:game1|CounterCheck:checker1|oneclock:clock1|dbtwo:\Q1:10:dbtwox                   ; dbtwo          ; work         ;
;                |D_FF:D_FF1|        ; 1 (1)       ; 1            ; 0          ; 0    ; 0            ; 0 (0)        ; 0 (0)             ; 1 (1)            ; 0 (0)           ; 0 (0)      ; |ReactionGame|Game:game1|CounterCheck:checker1|oneclock:clock1|dbtwo:\Q1:10:dbtwox|D_FF:D_FF1        ; D_FF           ; work         ;
;             |dbtwo:\Q1:11:dbtwox|  ; 2 (1)       ; 1            ; 0          ; 0    ; 0            ; 1 (1)        ; 0 (0)             ; 1 (0)            ; 0 (0)           ; 0 (0)      ; |ReactionGame|Game:game1|CounterCheck:checker1|oneclock:clock1|dbtwo:\Q1:11:dbtwox                   ; dbtwo          ; work         ;
;                |D_FF:D_FF1|        ; 1 (1)       ; 1            ; 0          ; 0    ; 0            ; 0 (0)        ; 0 (0)             ; 1 (1)            ; 0 (0)           ; 0 (0)      ; |ReactionGame|Game:game1|CounterCheck:checker1|oneclock:clock1|dbtwo:\Q1:11:dbtwox|D_FF:D_FF1        ; D_FF           ; work         ;
;             |dbtwo:\Q1:12:dbtwox|  ; 2 (1)       ; 1            ; 0          ; 0    ; 0            ; 1 (1)        ; 0 (0)             ; 1 (0)            ; 0 (0)           ; 0 (0)      ; |ReactionGame|Game:game1|CounterCheck:checker1|oneclock:clock1|dbtwo:\Q1:12:dbtwox                   ; dbtwo          ; work         ;
;                |D_FF:D_FF1|        ; 1 (1)       ; 1            ; 0          ; 0    ; 0            ; 0 (0)        ; 0 (0)             ; 1 (1)            ; 0 (0)           ; 0 (0)      ; |ReactionGame|Game:game1|CounterCheck:checker1|oneclock:clock1|dbtwo:\Q1:12:dbtwox|D_FF:D_FF1        ; D_FF           ; work         ;
;             |dbtwo:\Q1:13:dbtwox|  ; 2 (1)       ; 1            ; 0          ; 0    ; 0            ; 1 (1)        ; 0 (0)             ; 1 (0)            ; 0 (0)           ; 0 (0)      ; |ReactionGame|Game:game1|CounterCheck:checker1|oneclock:clock1|dbtwo:\Q1:13:dbtwox                   ; dbtwo          ; work         ;
;                |D_FF:D_FF1|        ; 1 (1)       ; 1            ; 0          ; 0    ; 0            ; 0 (0)        ; 0 (0)             ; 1 (1)            ; 0 (0)           ; 0 (0)      ; |ReactionGame|Game:game1|CounterCheck:checker1|oneclock:clock1|dbtwo:\Q1:13:dbtwox|D_FF:D_FF1        ; D_FF           ; work         ;
;             |dbtwo:\Q1:14:dbtwox|  ; 2 (1)       ; 1            ; 0          ; 0    ; 0            ; 1 (1)        ; 0 (0)             ; 1 (0)            ; 0 (0)           ; 0 (0)      ; |ReactionGame|Game:game1|CounterCheck:checker1|oneclock:clock1|dbtwo:\Q1:14:dbtwox                   ; dbtwo          ; work         ;
;                |D_FF:D_FF1|        ; 1 (1)       ; 1            ; 0          ; 0    ; 0            ; 0 (0)        ; 0 (0)             ; 1 (1)            ; 0 (0)           ; 0 (0)      ; |ReactionGame|Game:game1|CounterCheck:checker1|oneclock:clock1|dbtwo:\Q1:14:dbtwox|D_FF:D_FF1        ; D_FF           ; work         ;
;             |dbtwo:\Q1:15:dbtwox|  ; 2 (1)       ; 1            ; 0          ; 0    ; 0            ; 1 (1)        ; 0 (0)             ; 1 (0)            ; 0 (0)           ; 0 (0)      ; |ReactionGame|Game:game1|CounterCheck:checker1|oneclock:clock1|dbtwo:\Q1:15:dbtwox                   ; dbtwo          ; work         ;
;                |D_FF:D_FF1|        ; 1 (1)       ; 1            ; 0          ; 0    ; 0            ; 0 (0)        ; 0 (0)             ; 1 (1)            ; 0 (0)           ; 0 (0)      ; |ReactionGame|Game:game1|CounterCheck:checker1|oneclock:clock1|dbtwo:\Q1:15:dbtwox|D_FF:D_FF1        ; D_FF           ; work         ;
;             |dbtwo:\Q1:1:dbtwox|   ; 2 (1)       ; 1            ; 0          ; 0    ; 0            ; 1 (1)        ; 0 (0)             ; 1 (0)            ; 0 (0)           ; 0 (0)      ; |ReactionGame|Game:game1|CounterCheck:checker1|oneclock:clock1|dbtwo:\Q1:1:dbtwox                    ; dbtwo          ; work         ;
;                |D_FF:D_FF1|        ; 1 (1)       ; 1            ; 0          ; 0    ; 0            ; 0 (0)        ; 0 (0)             ; 1 (1)            ; 0 (0)           ; 0 (0)      ; |ReactionGame|Game:game1|CounterCheck:checker1|oneclock:clock1|dbtwo:\Q1:1:dbtwox|D_FF:D_FF1         ; D_FF           ; work         ;
;             |dbtwo:\Q1:2:dbtwox|   ; 2 (1)       ; 1            ; 0          ; 0    ; 0            ; 1 (1)        ; 0 (0)             ; 1 (0)            ; 0 (0)           ; 0 (0)      ; |ReactionGame|Game:game1|CounterCheck:checker1|oneclock:clock1|dbtwo:\Q1:2:dbtwox                    ; dbtwo          ; work         ;
;                |D_FF:D_FF1|        ; 1 (1)       ; 1            ; 0          ; 0    ; 0            ; 0 (0)        ; 0 (0)             ; 1 (1)            ; 0 (0)           ; 0 (0)      ; |ReactionGame|Game:game1|CounterCheck:checker1|oneclock:clock1|dbtwo:\Q1:2:dbtwox|D_FF:D_FF1         ; D_FF           ; work         ;
;             |dbtwo:\Q1:3:dbtwox|   ; 2 (1)       ; 1            ; 0          ; 0    ; 0            ; 1 (1)        ; 0 (0)             ; 1 (0)            ; 0 (0)           ; 0 (0)      ; |ReactionGame|Game:game1|CounterCheck:checker1|oneclock:clock1|dbtwo:\Q1:3:dbtwox                    ; dbtwo          ; work         ;
;                |D_FF:D_FF1|        ; 1 (1)       ; 1            ; 0          ; 0    ; 0            ; 0 (0)        ; 0 (0)             ; 1 (1)            ; 0 (0)           ; 0 (0)      ; |ReactionGame|Game:game1|CounterCheck:checker1|oneclock:clock1|dbtwo:\Q1:3:dbtwox|D_FF:D_FF1         ; D_FF           ; work         ;
;             |dbtwo:\Q1:4:dbtwox|   ; 2 (1)       ; 1            ; 0          ; 0    ; 0            ; 1 (1)        ; 0 (0)             ; 1 (0)            ; 0 (0)           ; 0 (0)      ; |ReactionGame|Game:game1|CounterCheck:checker1|oneclock:clock1|dbtwo:\Q1:4:dbtwox                    ; dbtwo          ; work         ;
;                |D_FF:D_FF1|        ; 1 (1)       ; 1            ; 0          ; 0    ; 0            ; 0 (0)        ; 0 (0)             ; 1 (1)            ; 0 (0)           ; 0 (0)      ; |ReactionGame|Game:game1|CounterCheck:checker1|oneclock:clock1|dbtwo:\Q1:4:dbtwox|D_FF:D_FF1         ; D_FF           ; work         ;
;             |dbtwo:\Q1:5:dbtwox|   ; 2 (1)       ; 1            ; 0          ; 0    ; 0            ; 1 (1)        ; 0 (0)             ; 1 (0)            ; 0 (0)           ; 0 (0)      ; |ReactionGame|Game:game1|CounterCheck:checker1|oneclock:clock1|dbtwo:\Q1:5:dbtwox                    ; dbtwo          ; work         ;
;                |D_FF:D_FF1|        ; 1 (1)       ; 1            ; 0          ; 0    ; 0            ; 0 (0)        ; 0 (0)             ; 1 (1)            ; 0 (0)           ; 0 (0)      ; |ReactionGame|Game:game1|CounterCheck:checker1|oneclock:clock1|dbtwo:\Q1:5:dbtwox|D_FF:D_FF1         ; D_FF           ; work         ;
;             |dbtwo:\Q1:6:dbtwox|   ; 2 (1)       ; 1            ; 0          ; 0    ; 0            ; 1 (1)        ; 0 (0)             ; 1 (0)            ; 0 (0)           ; 0 (0)      ; |ReactionGame|Game:game1|CounterCheck:checker1|oneclock:clock1|dbtwo:\Q1:6:dbtwox                    ; dbtwo          ; work         ;
;                |D_FF:D_FF1|        ; 1 (1)       ; 1            ; 0          ; 0    ; 0            ; 0 (0)        ; 0 (0)             ; 1 (1)            ; 0 (0)           ; 0 (0)      ; |ReactionGame|Game:game1|CounterCheck:checker1|oneclock:clock1|dbtwo:\Q1:6:dbtwox|D_FF:D_FF1         ; D_FF           ; work         ;
;             |dbtwo:\Q1:7:dbtwox|   ; 2 (1)       ; 1            ; 0          ; 0    ; 0            ; 1 (1)        ; 0 (0)             ; 1 (0)            ; 0 (0)           ; 0 (0)      ; |ReactionGame|Game:game1|CounterCheck:checker1|oneclock:clock1|dbtwo:\Q1:7:dbtwox                    ; dbtwo          ; work         ;
;                |D_FF:D_FF1|        ; 1 (1)       ; 1            ; 0          ; 0    ; 0            ; 0 (0)        ; 0 (0)             ; 1 (1)            ; 0 (0)           ; 0 (0)      ; |ReactionGame|Game:game1|CounterCheck:checker1|oneclock:clock1|dbtwo:\Q1:7:dbtwox|D_FF:D_FF1         ; D_FF           ; work         ;
;             |dbtwo:\Q1:8:dbtwox|   ; 2 (1)       ; 1            ; 0          ; 0    ; 0            ; 1 (1)        ; 0 (0)             ; 1 (0)            ; 0 (0)           ; 0 (0)      ; |ReactionGame|Game:game1|CounterCheck:checker1|oneclock:clock1|dbtwo:\Q1:8:dbtwox                    ; dbtwo          ; work         ;
;                |D_FF:D_FF1|        ; 1 (1)       ; 1            ; 0          ; 0    ; 0            ; 0 (0)        ; 0 (0)             ; 1 (1)            ; 0 (0)           ; 0 (0)      ; |ReactionGame|Game:game1|CounterCheck:checker1|oneclock:clock1|dbtwo:\Q1:8:dbtwox|D_FF:D_FF1         ; D_FF           ; work         ;
;             |dbtwo:\Q1:9:dbtwox|   ; 2 (1)       ; 1            ; 0          ; 0    ; 0            ; 1 (1)        ; 0 (0)             ; 1 (0)            ; 0 (0)           ; 0 (0)      ; |ReactionGame|Game:game1|CounterCheck:checker1|oneclock:clock1|dbtwo:\Q1:9:dbtwox                    ; dbtwo          ; work         ;
;                |D_FF:D_FF1|        ; 1 (1)       ; 1            ; 0          ; 0    ; 0            ; 0 (0)        ; 0 (0)             ; 1 (1)            ; 0 (0)           ; 0 (0)      ; |ReactionGame|Game:game1|CounterCheck:checker1|oneclock:clock1|dbtwo:\Q1:9:dbtwox|D_FF:D_FF1         ; D_FF           ; work         ;
;       |Debouncer:debounce|         ; 2 (0)       ; 2            ; 0          ; 0    ; 0            ; 0 (0)        ; 0 (0)             ; 2 (0)            ; 0 (0)           ; 0 (0)      ; |ReactionGame|Game:game1|Debouncer:debounce                                                          ; Debouncer      ; work         ;
;          |D_FF:D_FF0|              ; 1 (1)       ; 1            ; 0          ; 0    ; 0            ; 0 (0)        ; 0 (0)             ; 1 (1)            ; 0 (0)           ; 0 (0)      ; |ReactionGame|Game:game1|Debouncer:debounce|D_FF:D_FF0                                               ; D_FF           ; work         ;
;          |D_FF:D_FF1|              ; 1 (1)       ; 1            ; 0          ; 0    ; 0            ; 0 (0)        ; 0 (0)             ; 1 (1)            ; 0 (0)           ; 0 (0)      ; |ReactionGame|Game:game1|Debouncer:debounce|D_FF:D_FF1                                               ; D_FF           ; work         ;
;       |DelayAdder:da|              ; 25 (0)      ; 11           ; 0          ; 0    ; 0            ; 14 (0)       ; 10 (0)            ; 1 (0)            ; 0 (0)           ; 0 (0)      ; |ReactionGame|Game:game1|DelayAdder:da                                                               ; DelayAdder     ; work         ;
;          |D_FF:\random:0:twox|     ; 1 (1)       ; 1            ; 0          ; 0    ; 0            ; 0 (0)        ; 0 (0)             ; 1 (1)            ; 0 (0)           ; 0 (0)      ; |ReactionGame|Game:game1|DelayAdder:da|D_FF:\random:0:twox                                           ; D_FF           ; work         ;
;          |D_FF:\random:10:twox|    ; 1 (1)       ; 1            ; 0          ; 0    ; 0            ; 0 (0)        ; 1 (1)             ; 0 (0)            ; 0 (0)           ; 0 (0)      ; |ReactionGame|Game:game1|DelayAdder:da|D_FF:\random:10:twox                                          ; D_FF           ; work         ;
;          |D_FF:\random:1:twox|     ; 1 (1)       ; 1            ; 0          ; 0    ; 0            ; 0 (0)        ; 1 (1)             ; 0 (0)            ; 0 (0)           ; 0 (0)      ; |ReactionGame|Game:game1|DelayAdder:da|D_FF:\random:1:twox                                           ; D_FF           ; work         ;
;          |D_FF:\random:2:twox|     ; 1 (1)       ; 1            ; 0          ; 0    ; 0            ; 0 (0)        ; 1 (1)             ; 0 (0)            ; 0 (0)           ; 0 (0)      ; |ReactionGame|Game:game1|DelayAdder:da|D_FF:\random:2:twox                                           ; D_FF           ; work         ;
;          |D_FF:\random:3:twox|     ; 1 (1)       ; 1            ; 0          ; 0    ; 0            ; 0 (0)        ; 1 (1)             ; 0 (0)            ; 0 (0)           ; 0 (0)      ; |ReactionGame|Game:game1|DelayAdder:da|D_FF:\random:3:twox                                           ; D_FF           ; work         ;
;          |D_FF:\random:4:twox|     ; 1 (1)       ; 1            ; 0          ; 0    ; 0            ; 0 (0)        ; 1 (1)             ; 0 (0)            ; 0 (0)           ; 0 (0)      ; |ReactionGame|Game:game1|DelayAdder:da|D_FF:\random:4:twox                                           ; D_FF           ; work         ;
;          |D_FF:\random:5:twox|     ; 1 (1)       ; 1            ; 0          ; 0    ; 0            ; 0 (0)        ; 1 (1)             ; 0 (0)            ; 0 (0)           ; 0 (0)      ; |ReactionGame|Game:game1|DelayAdder:da|D_FF:\random:5:twox                                           ; D_FF           ; work         ;
;          |D_FF:\random:6:twox|     ; 1 (1)       ; 1            ; 0          ; 0    ; 0            ; 0 (0)        ; 1 (1)             ; 0 (0)            ; 0 (0)           ; 0 (0)      ; |ReactionGame|Game:game1|DelayAdder:da|D_FF:\random:6:twox                                           ; D_FF           ; work         ;
;          |D_FF:\random:7:twox|     ; 1 (1)       ; 1            ; 0          ; 0    ; 0            ; 0 (0)        ; 1 (1)             ; 0 (0)            ; 0 (0)           ; 0 (0)      ; |ReactionGame|Game:game1|DelayAdder:da|D_FF:\random:7:twox                                           ; D_FF           ; work         ;
;          |D_FF:\random:8:twox|     ; 1 (1)       ; 1            ; 0          ; 0    ; 0            ; 0 (0)        ; 1 (1)             ; 0 (0)            ; 0 (0)           ; 0 (0)      ; |ReactionGame|Game:game1|DelayAdder:da|D_FF:\random:8:twox                                           ; D_FF           ; work         ;
;          |D_FF:\random:9:twox|     ; 1 (1)       ; 1            ; 0          ; 0    ; 0            ; 0 (0)        ; 1 (1)             ; 0 (0)            ; 0 (0)           ; 0 (0)      ; |ReactionGame|Game:game1|DelayAdder:da|D_FF:\random:9:twox                                           ; D_FF           ; work         ;
;          |ElevenBitAdder:add1|     ; 14 (0)      ; 0            ; 0          ; 0    ; 0            ; 14 (0)       ; 0 (0)             ; 0 (0)            ; 0 (0)           ; 0 (0)      ; |ReactionGame|Game:game1|DelayAdder:da|ElevenBitAdder:add1                                           ; ElevenBitAdder ; work         ;
;             |OneBitAdd:a10|        ; 1 (1)       ; 0            ; 0          ; 0    ; 0            ; 1 (1)        ; 0 (0)             ; 0 (0)            ; 0 (0)           ; 0 (0)      ; |ReactionGame|Game:game1|DelayAdder:da|ElevenBitAdder:add1|OneBitAdd:a10                             ; OneBitAdd      ; work         ;
;             |OneBitAdd:a11|        ; 1 (1)       ; 0            ; 0          ; 0    ; 0            ; 1 (1)        ; 0 (0)             ; 0 (0)            ; 0 (0)           ; 0 (0)      ; |ReactionGame|Game:game1|DelayAdder:da|ElevenBitAdder:add1|OneBitAdd:a11                             ; OneBitAdd      ; work         ;
;             |OneBitAdd:a1|         ; 1 (1)       ; 0            ; 0          ; 0    ; 0            ; 1 (1)        ; 0 (0)             ; 0 (0)            ; 0 (0)           ; 0 (0)      ; |ReactionGame|Game:game1|DelayAdder:da|ElevenBitAdder:add1|OneBitAdd:a1                              ; OneBitAdd      ; work         ;
;             |OneBitAdd:a2|         ; 2 (2)       ; 0            ; 0          ; 0    ; 0            ; 2 (2)        ; 0 (0)             ; 0 (0)            ; 0 (0)           ; 0 (0)      ; |ReactionGame|Game:game1|DelayAdder:da|ElevenBitAdder:add1|OneBitAdd:a2                              ; OneBitAdd      ; work         ;
;             |OneBitAdd:a3|         ; 1 (1)       ; 0            ; 0          ; 0    ; 0            ; 1 (1)        ; 0 (0)             ; 0 (0)            ; 0 (0)           ; 0 (0)      ; |ReactionGame|Game:game1|DelayAdder:da|ElevenBitAdder:add1|OneBitAdd:a3                              ; OneBitAdd      ; work         ;
;             |OneBitAdd:a4|         ; 1 (1)       ; 0            ; 0          ; 0    ; 0            ; 1 (1)        ; 0 (0)             ; 0 (0)            ; 0 (0)           ; 0 (0)      ; |ReactionGame|Game:game1|DelayAdder:da|ElevenBitAdder:add1|OneBitAdd:a4                              ; OneBitAdd      ; work         ;
;             |OneBitAdd:a5|         ; 2 (2)       ; 0            ; 0          ; 0    ; 0            ; 2 (2)        ; 0 (0)             ; 0 (0)            ; 0 (0)           ; 0 (0)      ; |ReactionGame|Game:game1|DelayAdder:da|ElevenBitAdder:add1|OneBitAdd:a5                              ; OneBitAdd      ; work         ;
;             |OneBitAdd:a6|         ; 1 (1)       ; 0            ; 0          ; 0    ; 0            ; 1 (1)        ; 0 (0)             ; 0 (0)            ; 0 (0)           ; 0 (0)      ; |ReactionGame|Game:game1|DelayAdder:da|ElevenBitAdder:add1|OneBitAdd:a6                              ; OneBitAdd      ; work         ;
;             |OneBitAdd:a7|         ; 1 (1)       ; 0            ; 0          ; 0    ; 0            ; 1 (1)        ; 0 (0)             ; 0 (0)            ; 0 (0)           ; 0 (0)      ; |ReactionGame|Game:game1|DelayAdder:da|ElevenBitAdder:add1|OneBitAdd:a7                              ; OneBitAdd      ; work         ;
;             |OneBitAdd:a8|         ; 2 (2)       ; 0            ; 0          ; 0    ; 0            ; 2 (2)        ; 0 (0)             ; 0 (0)            ; 0 (0)           ; 0 (0)      ; |ReactionGame|Game:game1|DelayAdder:da|ElevenBitAdder:add1|OneBitAdd:a8                              ; OneBitAdd      ; work         ;
;             |OneBitAdd:a9|         ; 1 (1)       ; 0            ; 0          ; 0    ; 0            ; 1 (1)        ; 0 (0)             ; 0 (0)            ; 0 (0)           ; 0 (0)      ; |ReactionGame|Game:game1|DelayAdder:da|ElevenBitAdder:add1|OneBitAdd:a9                              ; OneBitAdd      ; work         ;
;       |GameOverFSM:gameisover1|    ; 2 (1)       ; 1            ; 0          ; 0    ; 0            ; 1 (1)        ; 0 (0)             ; 1 (0)            ; 0 (0)           ; 0 (0)      ; |ReactionGame|Game:game1|GameOverFSM:gameisover1                                                     ; GameOverFSM    ; work         ;
;          |D_FF:dff|                ; 1 (1)       ; 1            ; 0          ; 0    ; 0            ; 0 (0)        ; 0 (0)             ; 1 (1)            ; 0 (0)           ; 0 (0)      ; |ReactionGame|Game:game1|GameOverFSM:gameisover1|D_FF:dff                                            ; D_FF           ; work         ;
;       |SamplerOutput:outsample|    ; 11 (0)      ; 11           ; 0          ; 0    ; 0            ; 0 (0)        ; 10 (0)            ; 1 (0)            ; 0 (0)           ; 0 (0)      ; |ReactionGame|Game:game1|SamplerOutput:outsample                                                     ; SamplerOutput  ; work         ;
;          |D_FF:\random:0:twox|     ; 1 (1)       ; 1            ; 0          ; 0    ; 0            ; 0 (0)        ; 0 (0)             ; 1 (1)            ; 0 (0)           ; 0 (0)      ; |ReactionGame|Game:game1|SamplerOutput:outsample|D_FF:\random:0:twox                                 ; D_FF           ; work         ;
;          |D_FF:\random:10:twox|    ; 1 (1)       ; 1            ; 0          ; 0    ; 0            ; 0 (0)        ; 1 (1)             ; 0 (0)            ; 0 (0)           ; 0 (0)      ; |ReactionGame|Game:game1|SamplerOutput:outsample|D_FF:\random:10:twox                                ; D_FF           ; work         ;
;          |D_FF:\random:1:twox|     ; 1 (1)       ; 1            ; 0          ; 0    ; 0            ; 0 (0)        ; 1 (1)             ; 0 (0)            ; 0 (0)           ; 0 (0)      ; |ReactionGame|Game:game1|SamplerOutput:outsample|D_FF:\random:1:twox                                 ; D_FF           ; work         ;
;          |D_FF:\random:2:twox|     ; 1 (1)       ; 1            ; 0          ; 0    ; 0            ; 0 (0)        ; 1 (1)             ; 0 (0)            ; 0 (0)           ; 0 (0)      ; |ReactionGame|Game:game1|SamplerOutput:outsample|D_FF:\random:2:twox                                 ; D_FF           ; work         ;
;          |D_FF:\random:3:twox|     ; 1 (1)       ; 1            ; 0          ; 0    ; 0            ; 0 (0)        ; 1 (1)             ; 0 (0)            ; 0 (0)           ; 0 (0)      ; |ReactionGame|Game:game1|SamplerOutput:outsample|D_FF:\random:3:twox                                 ; D_FF           ; work         ;
;          |D_FF:\random:4:twox|     ; 1 (1)       ; 1            ; 0          ; 0    ; 0            ; 0 (0)        ; 1 (1)             ; 0 (0)            ; 0 (0)           ; 0 (0)      ; |ReactionGame|Game:game1|SamplerOutput:outsample|D_FF:\random:4:twox                                 ; D_FF           ; work         ;
;          |D_FF:\random:5:twox|     ; 1 (1)       ; 1            ; 0          ; 0    ; 0            ; 0 (0)        ; 1 (1)             ; 0 (0)            ; 0 (0)           ; 0 (0)      ; |ReactionGame|Game:game1|SamplerOutput:outsample|D_FF:\random:5:twox                                 ; D_FF           ; work         ;
;          |D_FF:\random:6:twox|     ; 1 (1)       ; 1            ; 0          ; 0    ; 0            ; 0 (0)        ; 1 (1)             ; 0 (0)            ; 0 (0)           ; 0 (0)      ; |ReactionGame|Game:game1|SamplerOutput:outsample|D_FF:\random:6:twox                                 ; D_FF           ; work         ;
;          |D_FF:\random:7:twox|     ; 1 (1)       ; 1            ; 0          ; 0    ; 0            ; 0 (0)        ; 1 (1)             ; 0 (0)            ; 0 (0)           ; 0 (0)      ; |ReactionGame|Game:game1|SamplerOutput:outsample|D_FF:\random:7:twox                                 ; D_FF           ; work         ;
;          |D_FF:\random:8:twox|     ; 1 (1)       ; 1            ; 0          ; 0    ; 0            ; 0 (0)        ; 1 (1)             ; 0 (0)            ; 0 (0)           ; 0 (0)      ; |ReactionGame|Game:game1|SamplerOutput:outsample|D_FF:\random:8:twox                                 ; D_FF           ; work         ;
;          |D_FF:\random:9:twox|     ; 1 (1)       ; 1            ; 0          ; 0    ; 0            ; 0 (0)        ; 1 (1)             ; 0 (0)            ; 0 (0)           ; 0 (0)      ; |ReactionGame|Game:game1|SamplerOutput:outsample|D_FF:\random:9:twox                                 ; D_FF           ; work         ;
;       |ledfsm:ledfsm1|             ; 5 (3)       ; 2            ; 0          ; 0    ; 0            ; 3 (3)        ; 0 (0)             ; 2 (0)            ; 0 (0)           ; 0 (0)      ; |ReactionGame|Game:game1|ledfsm:ledfsm1                                                              ; ledfsm         ; work         ;
;          |D_FF:DFF0|               ; 1 (1)       ; 1            ; 0          ; 0    ; 0            ; 0 (0)        ; 0 (0)             ; 1 (1)            ; 0 (0)           ; 0 (0)      ; |ReactionGame|Game:game1|ledfsm:ledfsm1|D_FF:DFF0                                                    ; D_FF           ; work         ;
;          |D_FF:DFF1|               ; 1 (1)       ; 1            ; 0          ; 0    ; 0            ; 0 (0)        ; 0 (0)             ; 1 (1)            ; 0 (0)           ; 0 (0)      ; |ReactionGame|Game:game1|ledfsm:ledfsm1|D_FF:DFF1                                                    ; D_FF           ; work         ;
;       |lfsr:rand1|                 ; 10 (0)      ; 10           ; 0          ; 0    ; 0            ; 0 (0)        ; 7 (0)             ; 3 (0)            ; 0 (0)           ; 0 (0)      ; |ReactionGame|Game:game1|lfsr:rand1                                                                  ; lfsr           ; work         ;
;          |D_FF:dff0|               ; 1 (1)       ; 1            ; 0          ; 0    ; 0            ; 0 (0)        ; 1 (1)             ; 0 (0)            ; 0 (0)           ; 0 (0)      ; |ReactionGame|Game:game1|lfsr:rand1|D_FF:dff0                                                        ; D_FF           ; work         ;
;          |D_FF:dff1|               ; 1 (1)       ; 1            ; 0          ; 0    ; 0            ; 0 (0)        ; 1 (1)             ; 0 (0)            ; 0 (0)           ; 0 (0)      ; |ReactionGame|Game:game1|lfsr:rand1|D_FF:dff1                                                        ; D_FF           ; work         ;
;          |D_FF:dff2|               ; 1 (1)       ; 1            ; 0          ; 0    ; 0            ; 0 (0)        ; 1 (1)             ; 0 (0)            ; 0 (0)           ; 0 (0)      ; |ReactionGame|Game:game1|lfsr:rand1|D_FF:dff2                                                        ; D_FF           ; work         ;
;          |D_FF:dff3|               ; 1 (1)       ; 1            ; 0          ; 0    ; 0            ; 0 (0)        ; 0 (0)             ; 1 (1)            ; 0 (0)           ; 0 (0)      ; |ReactionGame|Game:game1|lfsr:rand1|D_FF:dff3                                                        ; D_FF           ; work         ;
;          |D_FF:dff4|               ; 1 (1)       ; 1            ; 0          ; 0    ; 0            ; 0 (0)        ; 0 (0)             ; 1 (1)            ; 0 (0)           ; 0 (0)      ; |ReactionGame|Game:game1|lfsr:rand1|D_FF:dff4                                                        ; D_FF           ; work         ;
;          |D_FF:dff5|               ; 1 (1)       ; 1            ; 0          ; 0    ; 0            ; 0 (0)        ; 0 (0)             ; 1 (1)            ; 0 (0)           ; 0 (0)      ; |ReactionGame|Game:game1|lfsr:rand1|D_FF:dff5                                                        ; D_FF           ; work         ;
;          |D_FF:dff6|               ; 1 (1)       ; 1            ; 0          ; 0    ; 0            ; 0 (0)        ; 1 (1)             ; 0 (0)            ; 0 (0)           ; 0 (0)      ; |ReactionGame|Game:game1|lfsr:rand1|D_FF:dff6                                                        ; D_FF           ; work         ;
;          |D_FF:dff7|               ; 1 (1)       ; 1            ; 0          ; 0    ; 0            ; 0 (0)        ; 1 (1)             ; 0 (0)            ; 0 (0)           ; 0 (0)      ; |ReactionGame|Game:game1|lfsr:rand1|D_FF:dff7                                                        ; D_FF           ; work         ;
;          |D_FF:dff8|               ; 1 (1)       ; 1            ; 0          ; 0    ; 0            ; 0 (0)        ; 1 (1)             ; 0 (0)            ; 0 (0)           ; 0 (0)      ; |ReactionGame|Game:game1|lfsr:rand1|D_FF:dff8                                                        ; D_FF           ; work         ;
;          |D_FF:dff9|               ; 1 (1)       ; 1            ; 0          ; 0    ; 0            ; 0 (0)        ; 1 (1)             ; 0 (0)            ; 0 (0)           ; 0 (0)      ; |ReactionGame|Game:game1|lfsr:rand1|D_FF:dff9                                                        ; D_FF           ; work         ;
;       |oneclock:onclk|             ; 32 (0)      ; 16           ; 0          ; 0    ; 0            ; 16 (0)       ; 0 (0)             ; 16 (0)           ; 0 (0)           ; 0 (0)      ; |ReactionGame|Game:game1|oneclock:onclk                                                              ; oneclock       ; work         ;
;          |dbtwo:\Q1:0:dbtwox|      ; 2 (1)       ; 1            ; 0          ; 0    ; 0            ; 1 (1)        ; 0 (0)             ; 1 (0)            ; 0 (0)           ; 0 (0)      ; |ReactionGame|Game:game1|oneclock:onclk|dbtwo:\Q1:0:dbtwox                                           ; dbtwo          ; work         ;
;             |D_FF:D_FF1|           ; 1 (1)       ; 1            ; 0          ; 0    ; 0            ; 0 (0)        ; 0 (0)             ; 1 (1)            ; 0 (0)           ; 0 (0)      ; |ReactionGame|Game:game1|oneclock:onclk|dbtwo:\Q1:0:dbtwox|D_FF:D_FF1                                ; D_FF           ; work         ;
;          |dbtwo:\Q1:10:dbtwox|     ; 2 (1)       ; 1            ; 0          ; 0    ; 0            ; 1 (1)        ; 0 (0)             ; 1 (0)            ; 0 (0)           ; 0 (0)      ; |ReactionGame|Game:game1|oneclock:onclk|dbtwo:\Q1:10:dbtwox                                          ; dbtwo          ; work         ;
;             |D_FF:D_FF1|           ; 1 (1)       ; 1            ; 0          ; 0    ; 0            ; 0 (0)        ; 0 (0)             ; 1 (1)            ; 0 (0)           ; 0 (0)      ; |ReactionGame|Game:game1|oneclock:onclk|dbtwo:\Q1:10:dbtwox|D_FF:D_FF1                               ; D_FF           ; work         ;
;          |dbtwo:\Q1:11:dbtwox|     ; 2 (1)       ; 1            ; 0          ; 0    ; 0            ; 1 (1)        ; 0 (0)             ; 1 (0)            ; 0 (0)           ; 0 (0)      ; |ReactionGame|Game:game1|oneclock:onclk|dbtwo:\Q1:11:dbtwox                                          ; dbtwo          ; work         ;
;             |D_FF:D_FF1|           ; 1 (1)       ; 1            ; 0          ; 0    ; 0            ; 0 (0)        ; 0 (0)             ; 1 (1)            ; 0 (0)           ; 0 (0)      ; |ReactionGame|Game:game1|oneclock:onclk|dbtwo:\Q1:11:dbtwox|D_FF:D_FF1                               ; D_FF           ; work         ;
;          |dbtwo:\Q1:12:dbtwox|     ; 2 (1)       ; 1            ; 0          ; 0    ; 0            ; 1 (1)        ; 0 (0)             ; 1 (0)            ; 0 (0)           ; 0 (0)      ; |ReactionGame|Game:game1|oneclock:onclk|dbtwo:\Q1:12:dbtwox                                          ; dbtwo          ; work         ;
;             |D_FF:D_FF1|           ; 1 (1)       ; 1            ; 0          ; 0    ; 0            ; 0 (0)        ; 0 (0)             ; 1 (1)            ; 0 (0)           ; 0 (0)      ; |ReactionGame|Game:game1|oneclock:onclk|dbtwo:\Q1:12:dbtwox|D_FF:D_FF1                               ; D_FF           ; work         ;
;          |dbtwo:\Q1:13:dbtwox|     ; 2 (1)       ; 1            ; 0          ; 0    ; 0            ; 1 (1)        ; 0 (0)             ; 1 (0)            ; 0 (0)           ; 0 (0)      ; |ReactionGame|Game:game1|oneclock:onclk|dbtwo:\Q1:13:dbtwox                                          ; dbtwo          ; work         ;
;             |D_FF:D_FF1|           ; 1 (1)       ; 1            ; 0          ; 0    ; 0            ; 0 (0)        ; 0 (0)             ; 1 (1)            ; 0 (0)           ; 0 (0)      ; |ReactionGame|Game:game1|oneclock:onclk|dbtwo:\Q1:13:dbtwox|D_FF:D_FF1                               ; D_FF           ; work         ;
;          |dbtwo:\Q1:14:dbtwox|     ; 2 (1)       ; 1            ; 0          ; 0    ; 0            ; 1 (1)        ; 0 (0)             ; 1 (0)            ; 0 (0)           ; 0 (0)      ; |ReactionGame|Game:game1|oneclock:onclk|dbtwo:\Q1:14:dbtwox                                          ; dbtwo          ; work         ;
;             |D_FF:D_FF1|           ; 1 (1)       ; 1            ; 0          ; 0    ; 0            ; 0 (0)        ; 0 (0)             ; 1 (1)            ; 0 (0)           ; 0 (0)      ; |ReactionGame|Game:game1|oneclock:onclk|dbtwo:\Q1:14:dbtwox|D_FF:D_FF1                               ; D_FF           ; work         ;
;          |dbtwo:\Q1:15:dbtwox|     ; 2 (1)       ; 1            ; 0          ; 0    ; 0            ; 1 (1)        ; 0 (0)             ; 1 (0)            ; 0 (0)           ; 0 (0)      ; |ReactionGame|Game:game1|oneclock:onclk|dbtwo:\Q1:15:dbtwox                                          ; dbtwo          ; work         ;
;             |D_FF:D_FF1|           ; 1 (1)       ; 1            ; 0          ; 0    ; 0            ; 0 (0)        ; 0 (0)             ; 1 (1)            ; 0 (0)           ; 0 (0)      ; |ReactionGame|Game:game1|oneclock:onclk|dbtwo:\Q1:15:dbtwox|D_FF:D_FF1                               ; D_FF           ; work         ;
;          |dbtwo:\Q1:1:dbtwox|      ; 2 (1)       ; 1            ; 0          ; 0    ; 0            ; 1 (1)        ; 0 (0)             ; 1 (0)            ; 0 (0)           ; 0 (0)      ; |ReactionGame|Game:game1|oneclock:onclk|dbtwo:\Q1:1:dbtwox                                           ; dbtwo          ; work         ;
;             |D_FF:D_FF1|           ; 1 (1)       ; 1            ; 0          ; 0    ; 0            ; 0 (0)        ; 0 (0)             ; 1 (1)            ; 0 (0)           ; 0 (0)      ; |ReactionGame|Game:game1|oneclock:onclk|dbtwo:\Q1:1:dbtwox|D_FF:D_FF1                                ; D_FF           ; work         ;
;          |dbtwo:\Q1:2:dbtwox|      ; 2 (1)       ; 1            ; 0          ; 0    ; 0            ; 1 (1)        ; 0 (0)             ; 1 (0)            ; 0 (0)           ; 0 (0)      ; |ReactionGame|Game:game1|oneclock:onclk|dbtwo:\Q1:2:dbtwox                                           ; dbtwo          ; work         ;
;             |D_FF:D_FF1|           ; 1 (1)       ; 1            ; 0          ; 0    ; 0            ; 0 (0)        ; 0 (0)             ; 1 (1)            ; 0 (0)           ; 0 (0)      ; |ReactionGame|Game:game1|oneclock:onclk|dbtwo:\Q1:2:dbtwox|D_FF:D_FF1                                ; D_FF           ; work         ;
;          |dbtwo:\Q1:3:dbtwox|      ; 2 (1)       ; 1            ; 0          ; 0    ; 0            ; 1 (1)        ; 0 (0)             ; 1 (0)            ; 0 (0)           ; 0 (0)      ; |ReactionGame|Game:game1|oneclock:onclk|dbtwo:\Q1:3:dbtwox                                           ; dbtwo          ; work         ;
;             |D_FF:D_FF1|           ; 1 (1)       ; 1            ; 0          ; 0    ; 0            ; 0 (0)        ; 0 (0)             ; 1 (1)            ; 0 (0)           ; 0 (0)      ; |ReactionGame|Game:game1|oneclock:onclk|dbtwo:\Q1:3:dbtwox|D_FF:D_FF1                                ; D_FF           ; work         ;
;          |dbtwo:\Q1:4:dbtwox|      ; 2 (1)       ; 1            ; 0          ; 0    ; 0            ; 1 (1)        ; 0 (0)             ; 1 (0)            ; 0 (0)           ; 0 (0)      ; |ReactionGame|Game:game1|oneclock:onclk|dbtwo:\Q1:4:dbtwox                                           ; dbtwo          ; work         ;
;             |D_FF:D_FF1|           ; 1 (1)       ; 1            ; 0          ; 0    ; 0            ; 0 (0)        ; 0 (0)             ; 1 (1)            ; 0 (0)           ; 0 (0)      ; |ReactionGame|Game:game1|oneclock:onclk|dbtwo:\Q1:4:dbtwox|D_FF:D_FF1                                ; D_FF           ; work         ;
;          |dbtwo:\Q1:5:dbtwox|      ; 2 (1)       ; 1            ; 0          ; 0    ; 0            ; 1 (1)        ; 0 (0)             ; 1 (0)            ; 0 (0)           ; 0 (0)      ; |ReactionGame|Game:game1|oneclock:onclk|dbtwo:\Q1:5:dbtwox                                           ; dbtwo          ; work         ;
;             |D_FF:D_FF1|           ; 1 (1)       ; 1            ; 0          ; 0    ; 0            ; 0 (0)        ; 0 (0)             ; 1 (1)            ; 0 (0)           ; 0 (0)      ; |ReactionGame|Game:game1|oneclock:onclk|dbtwo:\Q1:5:dbtwox|D_FF:D_FF1                                ; D_FF           ; work         ;
;          |dbtwo:\Q1:6:dbtwox|      ; 2 (1)       ; 1            ; 0          ; 0    ; 0            ; 1 (1)        ; 0 (0)             ; 1 (0)            ; 0 (0)           ; 0 (0)      ; |ReactionGame|Game:game1|oneclock:onclk|dbtwo:\Q1:6:dbtwox                                           ; dbtwo          ; work         ;
;             |D_FF:D_FF1|           ; 1 (1)       ; 1            ; 0          ; 0    ; 0            ; 0 (0)        ; 0 (0)             ; 1 (1)            ; 0 (0)           ; 0 (0)      ; |ReactionGame|Game:game1|oneclock:onclk|dbtwo:\Q1:6:dbtwox|D_FF:D_FF1                                ; D_FF           ; work         ;
;          |dbtwo:\Q1:7:dbtwox|      ; 2 (1)       ; 1            ; 0          ; 0    ; 0            ; 1 (1)        ; 0 (0)             ; 1 (0)            ; 0 (0)           ; 0 (0)      ; |ReactionGame|Game:game1|oneclock:onclk|dbtwo:\Q1:7:dbtwox                                           ; dbtwo          ; work         ;
;             |D_FF:D_FF1|           ; 1 (1)       ; 1            ; 0          ; 0    ; 0            ; 0 (0)        ; 0 (0)             ; 1 (1)            ; 0 (0)           ; 0 (0)      ; |ReactionGame|Game:game1|oneclock:onclk|dbtwo:\Q1:7:dbtwox|D_FF:D_FF1                                ; D_FF           ; work         ;
;          |dbtwo:\Q1:8:dbtwox|      ; 2 (1)       ; 1            ; 0          ; 0    ; 0            ; 1 (1)        ; 0 (0)             ; 1 (0)            ; 0 (0)           ; 0 (0)      ; |ReactionGame|Game:game1|oneclock:onclk|dbtwo:\Q1:8:dbtwox                                           ; dbtwo          ; work         ;
;             |D_FF:D_FF1|           ; 1 (1)       ; 1            ; 0          ; 0    ; 0            ; 0 (0)        ; 0 (0)             ; 1 (1)            ; 0 (0)           ; 0 (0)      ; |ReactionGame|Game:game1|oneclock:onclk|dbtwo:\Q1:8:dbtwox|D_FF:D_FF1                                ; D_FF           ; work         ;
;          |dbtwo:\Q1:9:dbtwox|      ; 2 (1)       ; 1            ; 0          ; 0    ; 0            ; 1 (1)        ; 0 (0)             ; 1 (0)            ; 0 (0)           ; 0 (0)      ; |ReactionGame|Game:game1|oneclock:onclk|dbtwo:\Q1:9:dbtwox                                           ; dbtwo          ; work         ;
;             |D_FF:D_FF1|           ; 1 (1)       ; 1            ; 0          ; 0    ; 0            ; 0 (0)        ; 0 (0)             ; 1 (1)            ; 0 (0)           ; 0 (0)      ; |ReactionGame|Game:game1|oneclock:onclk|dbtwo:\Q1:9:dbtwox|D_FF:D_FF1                                ; D_FF           ; work         ;
;    |lcd_controller:display|        ; 54 (54)     ; 31           ; 0          ; 0    ; 0            ; 23 (23)      ; 6 (6)             ; 25 (25)          ; 0 (0)           ; 0 (0)      ; |ReactionGame|lcd_controller:display                                                                 ; lcd_controller ; work         ;
;    |oneclock:oonclk|               ; 32 (0)      ; 16           ; 0          ; 0    ; 0            ; 16 (0)       ; 0 (0)             ; 16 (0)           ; 0 (0)           ; 0 (0)      ; |ReactionGame|oneclock:oonclk                                                                        ; oneclock       ; work         ;
;       |dbtwo:\Q1:0:dbtwox|         ; 2 (1)       ; 1            ; 0          ; 0    ; 0            ; 1 (1)        ; 0 (0)             ; 1 (0)            ; 0 (0)           ; 0 (0)      ; |ReactionGame|oneclock:oonclk|dbtwo:\Q1:0:dbtwox                                                     ; dbtwo          ; work         ;
;          |D_FF:D_FF1|              ; 1 (1)       ; 1            ; 0          ; 0    ; 0            ; 0 (0)        ; 0 (0)             ; 1 (1)            ; 0 (0)           ; 0 (0)      ; |ReactionGame|oneclock:oonclk|dbtwo:\Q1:0:dbtwox|D_FF:D_FF1                                          ; D_FF           ; work         ;
;       |dbtwo:\Q1:10:dbtwox|        ; 2 (1)       ; 1            ; 0          ; 0    ; 0            ; 1 (1)        ; 0 (0)             ; 1 (0)            ; 0 (0)           ; 0 (0)      ; |ReactionGame|oneclock:oonclk|dbtwo:\Q1:10:dbtwox                                                    ; dbtwo          ; work         ;
;          |D_FF:D_FF1|              ; 1 (1)       ; 1            ; 0          ; 0    ; 0            ; 0 (0)        ; 0 (0)             ; 1 (1)            ; 0 (0)           ; 0 (0)      ; |ReactionGame|oneclock:oonclk|dbtwo:\Q1:10:dbtwox|D_FF:D_FF1                                         ; D_FF           ; work         ;
;       |dbtwo:\Q1:11:dbtwox|        ; 2 (1)       ; 1            ; 0          ; 0    ; 0            ; 1 (1)        ; 0 (0)             ; 1 (0)            ; 0 (0)           ; 0 (0)      ; |ReactionGame|oneclock:oonclk|dbtwo:\Q1:11:dbtwox                                                    ; dbtwo          ; work         ;
;          |D_FF:D_FF1|              ; 1 (1)       ; 1            ; 0          ; 0    ; 0            ; 0 (0)        ; 0 (0)             ; 1 (1)            ; 0 (0)           ; 0 (0)      ; |ReactionGame|oneclock:oonclk|dbtwo:\Q1:11:dbtwox|D_FF:D_FF1                                         ; D_FF           ; work         ;
;       |dbtwo:\Q1:12:dbtwox|        ; 2 (1)       ; 1            ; 0          ; 0    ; 0            ; 1 (1)        ; 0 (0)             ; 1 (0)            ; 0 (0)           ; 0 (0)      ; |ReactionGame|oneclock:oonclk|dbtwo:\Q1:12:dbtwox                                                    ; dbtwo          ; work         ;
;          |D_FF:D_FF1|              ; 1 (1)       ; 1            ; 0          ; 0    ; 0            ; 0 (0)        ; 0 (0)             ; 1 (1)            ; 0 (0)           ; 0 (0)      ; |ReactionGame|oneclock:oonclk|dbtwo:\Q1:12:dbtwox|D_FF:D_FF1                                         ; D_FF           ; work         ;
;       |dbtwo:\Q1:13:dbtwox|        ; 2 (1)       ; 1            ; 0          ; 0    ; 0            ; 1 (1)        ; 0 (0)             ; 1 (0)            ; 0 (0)           ; 0 (0)      ; |ReactionGame|oneclock:oonclk|dbtwo:\Q1:13:dbtwox                                                    ; dbtwo          ; work         ;
;          |D_FF:D_FF1|              ; 1 (1)       ; 1            ; 0          ; 0    ; 0            ; 0 (0)        ; 0 (0)             ; 1 (1)            ; 0 (0)           ; 0 (0)      ; |ReactionGame|oneclock:oonclk|dbtwo:\Q1:13:dbtwox|D_FF:D_FF1                                         ; D_FF           ; work         ;
;       |dbtwo:\Q1:14:dbtwox|        ; 2 (1)       ; 1            ; 0          ; 0    ; 0            ; 1 (1)        ; 0 (0)             ; 1 (0)            ; 0 (0)           ; 0 (0)      ; |ReactionGame|oneclock:oonclk|dbtwo:\Q1:14:dbtwox                                                    ; dbtwo          ; work         ;
;          |D_FF:D_FF1|              ; 1 (1)       ; 1            ; 0          ; 0    ; 0            ; 0 (0)        ; 0 (0)             ; 1 (1)            ; 0 (0)           ; 0 (0)      ; |ReactionGame|oneclock:oonclk|dbtwo:\Q1:14:dbtwox|D_FF:D_FF1                                         ; D_FF           ; work         ;
;       |dbtwo:\Q1:15:dbtwox|        ; 2 (1)       ; 1            ; 0          ; 0    ; 0            ; 1 (1)        ; 0 (0)             ; 1 (0)            ; 0 (0)           ; 0 (0)      ; |ReactionGame|oneclock:oonclk|dbtwo:\Q1:15:dbtwox                                                    ; dbtwo          ; work         ;
;          |D_FF:D_FF1|              ; 1 (1)       ; 1            ; 0          ; 0    ; 0            ; 0 (0)        ; 0 (0)             ; 1 (1)            ; 0 (0)           ; 0 (0)      ; |ReactionGame|oneclock:oonclk|dbtwo:\Q1:15:dbtwox|D_FF:D_FF1                                         ; D_FF           ; work         ;
;       |dbtwo:\Q1:1:dbtwox|         ; 2 (1)       ; 1            ; 0          ; 0    ; 0            ; 1 (1)        ; 0 (0)             ; 1 (0)            ; 0 (0)           ; 0 (0)      ; |ReactionGame|oneclock:oonclk|dbtwo:\Q1:1:dbtwox                                                     ; dbtwo          ; work         ;
;          |D_FF:D_FF1|              ; 1 (1)       ; 1            ; 0          ; 0    ; 0            ; 0 (0)        ; 0 (0)             ; 1 (1)            ; 0 (0)           ; 0 (0)      ; |ReactionGame|oneclock:oonclk|dbtwo:\Q1:1:dbtwox|D_FF:D_FF1                                          ; D_FF           ; work         ;
;       |dbtwo:\Q1:2:dbtwox|         ; 2 (1)       ; 1            ; 0          ; 0    ; 0            ; 1 (1)        ; 0 (0)             ; 1 (0)            ; 0 (0)           ; 0 (0)      ; |ReactionGame|oneclock:oonclk|dbtwo:\Q1:2:dbtwox                                                     ; dbtwo          ; work         ;
;          |D_FF:D_FF1|              ; 1 (1)       ; 1            ; 0          ; 0    ; 0            ; 0 (0)        ; 0 (0)             ; 1 (1)            ; 0 (0)           ; 0 (0)      ; |ReactionGame|oneclock:oonclk|dbtwo:\Q1:2:dbtwox|D_FF:D_FF1                                          ; D_FF           ; work         ;
;       |dbtwo:\Q1:3:dbtwox|         ; 2 (1)       ; 1            ; 0          ; 0    ; 0            ; 1 (1)        ; 0 (0)             ; 1 (0)            ; 0 (0)           ; 0 (0)      ; |ReactionGame|oneclock:oonclk|dbtwo:\Q1:3:dbtwox                                                     ; dbtwo          ; work         ;
;          |D_FF:D_FF1|              ; 1 (1)       ; 1            ; 0          ; 0    ; 0            ; 0 (0)        ; 0 (0)             ; 1 (1)            ; 0 (0)           ; 0 (0)      ; |ReactionGame|oneclock:oonclk|dbtwo:\Q1:3:dbtwox|D_FF:D_FF1                                          ; D_FF           ; work         ;
;       |dbtwo:\Q1:4:dbtwox|         ; 2 (1)       ; 1            ; 0          ; 0    ; 0            ; 1 (1)        ; 0 (0)             ; 1 (0)            ; 0 (0)           ; 0 (0)      ; |ReactionGame|oneclock:oonclk|dbtwo:\Q1:4:dbtwox                                                     ; dbtwo          ; work         ;
;          |D_FF:D_FF1|              ; 1 (1)       ; 1            ; 0          ; 0    ; 0            ; 0 (0)        ; 0 (0)             ; 1 (1)            ; 0 (0)           ; 0 (0)      ; |ReactionGame|oneclock:oonclk|dbtwo:\Q1:4:dbtwox|D_FF:D_FF1                                          ; D_FF           ; work         ;
;       |dbtwo:\Q1:5:dbtwox|         ; 2 (1)       ; 1            ; 0          ; 0    ; 0            ; 1 (1)        ; 0 (0)             ; 1 (0)            ; 0 (0)           ; 0 (0)      ; |ReactionGame|oneclock:oonclk|dbtwo:\Q1:5:dbtwox                                                     ; dbtwo          ; work         ;
;          |D_FF:D_FF1|              ; 1 (1)       ; 1            ; 0          ; 0    ; 0            ; 0 (0)        ; 0 (0)             ; 1 (1)            ; 0 (0)           ; 0 (0)      ; |ReactionGame|oneclock:oonclk|dbtwo:\Q1:5:dbtwox|D_FF:D_FF1                                          ; D_FF           ; work         ;
;       |dbtwo:\Q1:6:dbtwox|         ; 2 (1)       ; 1            ; 0          ; 0    ; 0            ; 1 (1)        ; 0 (0)             ; 1 (0)            ; 0 (0)           ; 0 (0)      ; |ReactionGame|oneclock:oonclk|dbtwo:\Q1:6:dbtwox                                                     ; dbtwo          ; work         ;
;          |D_FF:D_FF1|              ; 1 (1)       ; 1            ; 0          ; 0    ; 0            ; 0 (0)        ; 0 (0)             ; 1 (1)            ; 0 (0)           ; 0 (0)      ; |ReactionGame|oneclock:oonclk|dbtwo:\Q1:6:dbtwox|D_FF:D_FF1                                          ; D_FF           ; work         ;
;       |dbtwo:\Q1:7:dbtwox|         ; 2 (1)       ; 1            ; 0          ; 0    ; 0            ; 1 (1)        ; 0 (0)             ; 1 (0)            ; 0 (0)           ; 0 (0)      ; |ReactionGame|oneclock:oonclk|dbtwo:\Q1:7:dbtwox                                                     ; dbtwo          ; work         ;
;          |D_FF:D_FF1|              ; 1 (1)       ; 1            ; 0          ; 0    ; 0            ; 0 (0)        ; 0 (0)             ; 1 (1)            ; 0 (0)           ; 0 (0)      ; |ReactionGame|oneclock:oonclk|dbtwo:\Q1:7:dbtwox|D_FF:D_FF1                                          ; D_FF           ; work         ;
;       |dbtwo:\Q1:8:dbtwox|         ; 2 (1)       ; 1            ; 0          ; 0    ; 0            ; 1 (1)        ; 0 (0)             ; 1 (0)            ; 0 (0)           ; 0 (0)      ; |ReactionGame|oneclock:oonclk|dbtwo:\Q1:8:dbtwox                                                     ; dbtwo          ; work         ;
;          |D_FF:D_FF1|              ; 1 (1)       ; 1            ; 0          ; 0    ; 0            ; 0 (0)        ; 0 (0)             ; 1 (1)            ; 0 (0)           ; 0 (0)      ; |ReactionGame|oneclock:oonclk|dbtwo:\Q1:8:dbtwox|D_FF:D_FF1                                          ; D_FF           ; work         ;
;       |dbtwo:\Q1:9:dbtwox|         ; 2 (1)       ; 1            ; 0          ; 0    ; 0            ; 1 (1)        ; 0 (0)             ; 1 (0)            ; 0 (0)           ; 0 (0)      ; |ReactionGame|oneclock:oonclk|dbtwo:\Q1:9:dbtwox                                                     ; dbtwo          ; work         ;
;          |D_FF:D_FF1|              ; 1 (1)       ; 1            ; 0          ; 0    ; 0            ; 0 (0)        ; 0 (0)             ; 1 (1)            ; 0 (0)           ; 0 (0)      ; |ReactionGame|oneclock:oonclk|dbtwo:\Q1:9:dbtwox|D_FF:D_FF1                                          ; D_FF           ; work         ;
+------------------------------------+-------------+--------------+------------+------+--------------+--------------+-------------------+------------------+-----------------+------------+------------------------------------------------------------------------------------------------------+----------------+--------------+
Note: For table entries with two numbers listed, the numbers in parentheses indicate the number of resources of the given type used by the specific entity alone. The numbers listed outside of parentheses indicate the total resources of the given type used by the specific entity and all of its sub-entities in the hierarchy.


Encoding Type:  One-Hot
+-------------------------------------------------------------------------------------------------------------------------------------------------+
; State Machine - |ReactionGame|lcd_controller:display|state                                                                                      ;
+-----------+-----------+-----------+----------+----------+----------+----------+----------+----------+----------+----------+----------+----------+
; Name      ; state.S11 ; state.S10 ; state.S9 ; state.S8 ; state.S7 ; state.S6 ; state.S5 ; state.S4 ; state.S3 ; state.S2 ; state.S1 ; state.S0 ;
+-----------+-----------+-----------+----------+----------+----------+----------+----------+----------+----------+----------+----------+----------+
; state.S0  ; 0         ; 0         ; 0        ; 0        ; 0        ; 0        ; 0        ; 0        ; 0        ; 0        ; 0        ; 0        ;
; state.S1  ; 0         ; 0         ; 0        ; 0        ; 0        ; 0        ; 0        ; 0        ; 0        ; 0        ; 1        ; 1        ;
; state.S2  ; 0         ; 0         ; 0        ; 0        ; 0        ; 0        ; 0        ; 0        ; 0        ; 1        ; 0        ; 1        ;
; state.S3  ; 0         ; 0         ; 0        ; 0        ; 0        ; 0        ; 0        ; 0        ; 1        ; 0        ; 0        ; 1        ;
; state.S4  ; 0         ; 0         ; 0        ; 0        ; 0        ; 0        ; 0        ; 1        ; 0        ; 0        ; 0        ; 1        ;
; state.S5  ; 0         ; 0         ; 0        ; 0        ; 0        ; 0        ; 1        ; 0        ; 0        ; 0        ; 0        ; 1        ;
; state.S6  ; 0         ; 0         ; 0        ; 0        ; 0        ; 1        ; 0        ; 0        ; 0        ; 0        ; 0        ; 1        ;
; state.S7  ; 0         ; 0         ; 0        ; 0        ; 1        ; 0        ; 0        ; 0        ; 0        ; 0        ; 0        ; 1        ;
; state.S8  ; 0         ; 0         ; 0        ; 1        ; 0        ; 0        ; 0        ; 0        ; 0        ; 0        ; 0        ; 1        ;
; state.S9  ; 0         ; 0         ; 1        ; 0        ; 0        ; 0        ; 0        ; 0        ; 0        ; 0        ; 0        ; 1        ;
; state.S10 ; 0         ; 1         ; 0        ; 0        ; 0        ; 0        ; 0        ; 0        ; 0        ; 0        ; 0        ; 1        ;
; state.S11 ; 1         ; 0         ; 0        ; 0        ; 0        ; 0        ; 0        ; 0        ; 0        ; 0        ; 0        ; 1        ;
+-----------+-----------+-----------+----------+----------+----------+----------+----------+----------+----------+----------+----------+----------+


+-----------------------------------------------------------------------------------------------+
; Registers Removed During Synthesis                                                            ;
+------------------------------------------+----------------------------------------------------+
; Register name                            ; Reason for Removal                                 ;
+------------------------------------------+----------------------------------------------------+
; erase                                    ; Stuck at GND due to stuck port data_in             ;
; lcd_controller:display|cmd_position[4,5] ; Stuck at GND due to stuck port data_in             ;
; lcd_controller:display|cmd_position[7]   ; Stuck at VCC due to stuck port data_in             ;
; lcd_controller:display|data_dis[7]       ; Stuck at GND due to stuck port data_in             ;
; write_row[0]                             ; Merged with i[4]                                   ;
; write_column[2,3]                        ; Merged with i[4]                                   ;
; lcd_controller:display|cmd_position[3,6] ; Merged with lcd_controller:display|cmd_position[2] ;
; i[4]                                     ; Stuck at GND due to stuck port data_in             ;
; lcd_controller:display|cmd_position[2]   ; Stuck at GND due to stuck port data_in             ;
; lcd_controller:display|lcd_rw            ; Stuck at GND due to stuck port data_in             ;
; put_char                                 ; Stuck at VCC due to stuck port data_in             ;
; lcd_controller:display|data_dis[5,6]     ; Merged with lcd_controller:display|data_dis[4]     ;
; lcd_controller:display|state.S10         ; Lost fanout                                        ;
; lcd_controller:display|state.S11         ; Lost fanout                                        ;
; Total Number of Removed Registers = 18   ;                                                    ;
+------------------------------------------+----------------------------------------------------+


+---------------------------------------------------------------------------------------------------------------+
; Removed Registers Triggering Further Register Optimizations                                                   ;
+---------------+---------------------------+-------------------------------------------------------------------+
; Register name ; Reason for Removal        ; Registers Removed due to This Register                            ;
+---------------+---------------------------+-------------------------------------------------------------------+
; erase         ; Stuck at GND              ; lcd_controller:display|data_dis[7], lcd_controller:display|lcd_rw ;
;               ; due to stuck port data_in ;                                                                   ;
; i[4]          ; Stuck at GND              ; lcd_controller:display|cmd_position[2]                            ;
;               ; due to stuck port data_in ;                                                                   ;
+---------------+---------------------------+-------------------------------------------------------------------+


+------------------------------------------------------+
; General Register Statistics                          ;
+----------------------------------------------+-------+
; Statistic                                    ; Value ;
+----------------------------------------------+-------+
; Total registers                              ; 169   ;
; Number of registers using Synchronous Clear  ; 4     ;
; Number of registers using Synchronous Load   ; 3     ;
; Number of registers using Asynchronous Clear ; 100   ;
; Number of registers using Asynchronous Load  ; 0     ;
; Number of registers using Clock Enable       ; 54    ;
; Number of registers using Preset             ; 0     ;
+----------------------------------------------+-------+


+-----------------------------------------------------------------------------------------------------------------------------------------------------------------+
; Multiplexer Restructuring Statistics (Restructuring Performed)                                                                                                  ;
+--------------------+-----------+---------------+----------------------+------------------------+------------+---------------------------------------------------+
; Multiplexer Inputs ; Bus Width ; Baseline Area ; Area if Restructured ; Saving if Restructured ; Registered ; Example Multiplexer Output                        ;
+--------------------+-----------+---------------+----------------------+------------------------+------------+---------------------------------------------------+
; 3:1                ; 2 bits    ; 4 LEs         ; 2 LEs                ; 2 LEs                  ; Yes        ; |ReactionGame|lcd_controller:display|count_cmd[1] ;
; 5:1                ; 2 bits    ; 6 LEs         ; 4 LEs                ; 2 LEs                  ; Yes        ; |ReactionGame|write_column[0]                     ;
; 5:1                ; 3 bits    ; 9 LEs         ; 6 LEs                ; 3 LEs                  ; Yes        ; |ReactionGame|i[2]                                ;
; 9:1                ; 2 bits    ; 12 LEs        ; 4 LEs                ; 8 LEs                  ; Yes        ; |ReactionGame|lcd_controller:display|lcd[4]       ;
+--------------------+-----------+---------------+----------------------+------------------------+------------+---------------------------------------------------+


+----------------------------------------------------+
; Port Connectivity Checks: "lcd_controller:display" ;
+---------------+-------+----------+-----------------+
; Port          ; Type  ; Severity ; Details         ;
+---------------+-------+----------+-----------------+
; write_data[7] ; Input ; Info     ; Stuck at GND    ;
+---------------+-------+----------+-----------------+


+-------------------------------------------------------------------------+
; Port Connectivity Checks: "Game:game1|GameOverFSM:gameisover1|D_FF:dff" ;
+------+-------+----------+-----------------------------------------------+
; Port ; Type  ; Severity ; Details                                       ;
+------+-------+----------+-----------------------------------------------+
; d    ; Input ; Info     ; Stuck at VCC                                  ;
+------+-------+----------+-----------------------------------------------+


+--------------------------------------------------------------------------------------------------------------------+
; Port Connectivity Checks: "Game:game1|CounterCheck:checker1|DelayAdder:counter1|ElevenBitAdder:add1|OneBitAdd:a11" ;
+------+--------+----------+-----------------------------------------------------------------------------------------+
; Port ; Type   ; Severity ; Details                                                                                 ;
+------+--------+----------+-----------------------------------------------------------------------------------------+
; cout ; Output ; Info     ; Connected to dangling logic. Logic that only feeds a dangling port will be removed.     ;
+------+--------+----------+-----------------------------------------------------------------------------------------+


+-------------------------------------------------------------------------------------------------------------------+
; Port Connectivity Checks: "Game:game1|CounterCheck:checker1|DelayAdder:counter1|ElevenBitAdder:add1|OneBitAdd:a1" ;
+------+-------+----------+-----------------------------------------------------------------------------------------+
; Port ; Type  ; Severity ; Details                                                                                 ;
+------+-------+----------+-----------------------------------------------------------------------------------------+
; cin  ; Input ; Info     ; Stuck at GND                                                                            ;
+------+-------+----------+-----------------------------------------------------------------------------------------+


+------------------------------------------------------------------------------------------------------+
; Port Connectivity Checks: "Game:game1|CounterCheck:checker1|DelayAdder:counter1|ElevenBitAdder:add1" ;
+----------+-------+----------+------------------------------------------------------------------------+
; Port     ; Type  ; Severity ; Details                                                                ;
+----------+-------+----------+------------------------------------------------------------------------+
; x[10..1] ; Input ; Info     ; Stuck at GND                                                           ;
+----------+-------+----------+------------------------------------------------------------------------+


+-------------------------------+
; Analysis & Synthesis Messages ;
+-------------------------------+
Info: *******************************************************************
Info: Running Quartus Prime Analysis & Synthesis
    Info: Version 16.0.0 Build 211 04/27/2016 SJ Lite Edition
    Info: Processing started: Fri Apr 20 21:17:06 2018
Info: Command: quartus_map --read_settings_files=on --write_settings_files=off ReactionGame -c ReactionGame
Warning (20028): Parallel compilation is not licensed and has been disabled
Info (12021): Found 31 design units, including 15 entities, in source file ReactionGame.vhd
    Info (12022): Found design unit 1: lab File: /home/dimple/Downloads/Second Year- Second Semester/EE 214- Digital Lab/ReactionGame/ReactionGame.vhd Line: 5
    Info (12022): Found design unit 2: D_FF-WhatDoYouCare File: /home/dimple/Downloads/Second Year- Second Semester/EE 214- Digital Lab/ReactionGame/ReactionGame.vhd Line: 76
    Info (12022): Found design unit 3: dbtwo-struct File: /home/dimple/Downloads/Second Year- Second Semester/EE 214- Digital Lab/ReactionGame/ReactionGame.vhd Line: 97
    Info (12022): Found design unit 4: oneclock-struct File: /home/dimple/Downloads/Second Year- Second Semester/EE 214- Digital Lab/ReactionGame/ReactionGame.vhd Line: 114
    Info (12022): Found design unit 5: Debouncer-cs File: /home/dimple/Downloads/Second Year- Second Semester/EE 214- Digital Lab/ReactionGame/ReactionGame.vhd Line: 133
    Info (12022): Found design unit 6: CounterCheck-Check File: /home/dimple/Downloads/Second Year- Second Semester/EE 214- Digital Lab/ReactionGame/ReactionGame.vhd Line: 153
    Info (12022): Found design unit 7: DelayAdder-behave File: /home/dimple/Downloads/Second Year- Second Semester/EE 214- Digital Lab/ReactionGame/ReactionGame.vhd Line: 172
    Info (12022): Found design unit 8: ElevenBitAdder-behave File: /home/dimple/Downloads/Second Year- Second Semester/EE 214- Digital Lab/ReactionGame/ReactionGame.vhd Line: 207
    Info (12022): Found design unit 9: OneBitAdd-oneadd File: /home/dimple/Downloads/Second Year- Second Semester/EE 214- Digital Lab/ReactionGame/ReactionGame.vhd Line: 232
    Info (12022): Found design unit 10: lfsr-struct File: /home/dimple/Downloads/Second Year- Second Semester/EE 214- Digital Lab/ReactionGame/ReactionGame.vhd Line: 253
    Info (12022): Found design unit 11: ledfsm-struct File: /home/dimple/Downloads/Second Year- Second Semester/EE 214- Digital Lab/ReactionGame/ReactionGame.vhd Line: 292
    Info (12022): Found design unit 12: Game-behave File: /home/dimple/Downloads/Second Year- Second Semester/EE 214- Digital Lab/ReactionGame/ReactionGame.vhd Line: 313
    Info (12022): Found design unit 13: GameOverFSM-gameisover File: /home/dimple/Downloads/Second Year- Second Semester/EE 214- Digital Lab/ReactionGame/ReactionGame.vhd Line: 369
    Info (12022): Found design unit 14: SamplerOutput-sampler File: /home/dimple/Downloads/Second Year- Second Semester/EE 214- Digital Lab/ReactionGame/ReactionGame.vhd Line: 387
    Info (12022): Found design unit 15: lcd_controller-Behavioral File: /home/dimple/Downloads/Second Year- Second Semester/EE 214- Digital Lab/ReactionGame/ReactionGame.vhd Line: 417
    Info (12022): Found design unit 16: ReactionGame-final File: /home/dimple/Downloads/Second Year- Second Semester/EE 214- Digital Lab/ReactionGame/ReactionGame.vhd Line: 601
    Info (12023): Found entity 1: D_FF File: /home/dimple/Downloads/Second Year- Second Semester/EE 214- Digital Lab/ReactionGame/ReactionGame.vhd Line: 73
    Info (12023): Found entity 2: dbtwo File: /home/dimple/Downloads/Second Year- Second Semester/EE 214- Digital Lab/ReactionGame/ReactionGame.vhd Line: 94
    Info (12023): Found entity 3: oneclock File: /home/dimple/Downloads/Second Year- Second Semester/EE 214- Digital Lab/ReactionGame/ReactionGame.vhd Line: 111
    Info (12023): Found entity 4: Debouncer File: /home/dimple/Downloads/Second Year- Second Semester/EE 214- Digital Lab/ReactionGame/ReactionGame.vhd Line: 130
    Info (12023): Found entity 5: CounterCheck File: /home/dimple/Downloads/Second Year- Second Semester/EE 214- Digital Lab/ReactionGame/ReactionGame.vhd Line: 149
    Info (12023): Found entity 6: DelayAdder File: /home/dimple/Downloads/Second Year- Second Semester/EE 214- Digital Lab/ReactionGame/ReactionGame.vhd Line: 168
    Info (12023): Found entity 7: ElevenBitAdder File: /home/dimple/Downloads/Second Year- Second Semester/EE 214- Digital Lab/ReactionGame/ReactionGame.vhd Line: 203
    Info (12023): Found entity 8: OneBitAdd File: /home/dimple/Downloads/Second Year- Second Semester/EE 214- Digital Lab/ReactionGame/ReactionGame.vhd Line: 229
    Info (12023): Found entity 9: lfsr File: /home/dimple/Downloads/Second Year- Second Semester/EE 214- Digital Lab/ReactionGame/ReactionGame.vhd Line: 250
    Info (12023): Found entity 10: ledfsm File: /home/dimple/Downloads/Second Year- Second Semester/EE 214- Digital Lab/ReactionGame/ReactionGame.vhd Line: 289
    Info (12023): Found entity 11: Game File: /home/dimple/Downloads/Second Year- Second Semester/EE 214- Digital Lab/ReactionGame/ReactionGame.vhd Line: 309
    Info (12023): Found entity 12: GameOverFSM File: /home/dimple/Downloads/Second Year- Second Semester/EE 214- Digital Lab/ReactionGame/ReactionGame.vhd Line: 366
    Info (12023): Found entity 13: SamplerOutput File: /home/dimple/Downloads/Second Year- Second Semester/EE 214- Digital Lab/ReactionGame/ReactionGame.vhd Line: 384
    Info (12023): Found entity 14: lcd_controller File: /home/dimple/Downloads/Second Year- Second Semester/EE 214- Digital Lab/ReactionGame/ReactionGame.vhd Line: 399
    Info (12023): Found entity 15: ReactionGame File: /home/dimple/Downloads/Second Year- Second Semester/EE 214- Digital Lab/ReactionGame/ReactionGame.vhd Line: 590
Info (12127): Elaborating entity "ReactionGame" for the top level hierarchy
Warning (10036): Verilog HDL or VHDL warning at ReactionGame.vhd(607): object "temp" assigned a value but never read File: /home/dimple/Downloads/Second Year- Second Semester/EE 214- Digital Lab/ReactionGame/ReactionGame.vhd Line: 607
Info (12128): Elaborating entity "oneclock" for hierarchy "oneclock:oonclk" File: /home/dimple/Downloads/Second Year- Second Semester/EE 214- Digital Lab/ReactionGame/ReactionGame.vhd Line: 619
Info (12128): Elaborating entity "dbtwo" for hierarchy "oneclock:oonclk|dbtwo:\Q1:0:dbtwox" File: /home/dimple/Downloads/Second Year- Second Semester/EE 214- Digital Lab/ReactionGame/ReactionGame.vhd Line: 119
Info (12128): Elaborating entity "D_FF" for hierarchy "oneclock:oonclk|dbtwo:\Q1:0:dbtwox|D_FF:D_FF1" File: /home/dimple/Downloads/Second Year- Second Semester/EE 214- Digital Lab/ReactionGame/ReactionGame.vhd Line: 101
Info (12128): Elaborating entity "Game" for hierarchy "Game:game1" File: /home/dimple/Downloads/Second Year- Second Semester/EE 214- Digital Lab/ReactionGame/ReactionGame.vhd Line: 620
Warning (10492): VHDL Process Statement warning at ReactionGame.vhd(325): signal "temp1" is read inside the Process Statement but isn't in the Process Statement's sensitivity list File: /home/dimple/Downloads/Second Year- Second Semester/EE 214- Digital Lab/ReactionGame/ReactionGame.vhd Line: 325
Warning (10492): VHDL Process Statement warning at ReactionGame.vhd(327): signal "temp1" is read inside the Process Statement but isn't in the Process Statement's sensitivity list File: /home/dimple/Downloads/Second Year- Second Semester/EE 214- Digital Lab/ReactionGame/ReactionGame.vhd Line: 327
Info (12128): Elaborating entity "Debouncer" for hierarchy "Game:game1|Debouncer:debounce" File: /home/dimple/Downloads/Second Year- Second Semester/EE 214- Digital Lab/ReactionGame/ReactionGame.vhd Line: 337
Info (12128): Elaborating entity "lfsr" for hierarchy "Game:game1|lfsr:rand1" File: /home/dimple/Downloads/Second Year- Second Semester/EE 214- Digital Lab/ReactionGame/ReactionGame.vhd Line: 348
Info (12128): Elaborating entity "CounterCheck" for hierarchy "Game:game1|CounterCheck:checker1" File: /home/dimple/Downloads/Second Year- Second Semester/EE 214- Digital Lab/ReactionGame/ReactionGame.vhd Line: 349
Info (12128): Elaborating entity "DelayAdder" for hierarchy "Game:game1|CounterCheck:checker1|DelayAdder:counter1" File: /home/dimple/Downloads/Second Year- Second Semester/EE 214- Digital Lab/ReactionGame/ReactionGame.vhd Line: 158
Info (12128): Elaborating entity "ElevenBitAdder" for hierarchy "Game:game1|CounterCheck:checker1|DelayAdder:counter1|ElevenBitAdder:add1" File: /home/dimple/Downloads/Second Year- Second Semester/EE 214- Digital Lab/ReactionGame/ReactionGame.vhd Line: 193
Info (12128): Elaborating entity "OneBitAdd" for hierarchy "Game:game1|CounterCheck:checker1|DelayAdder:counter1|ElevenBitAdder:add1|OneBitAdd:a1" File: /home/dimple/Downloads/Second Year- Second Semester/EE 214- Digital Lab/ReactionGame/ReactionGame.vhd Line: 210
Info (12128): Elaborating entity "ledfsm" for hierarchy "Game:game1|ledfsm:ledfsm1" File: /home/dimple/Downloads/Second Year- Second Semester/EE 214- Digital Lab/ReactionGame/ReactionGame.vhd Line: 351
Info (12128): Elaborating entity "SamplerOutput" for hierarchy "Game:game1|SamplerOutput:outsample" File: /home/dimple/Downloads/Second Year- Second Semester/EE 214- Digital Lab/ReactionGame/ReactionGame.vhd Line: 356
Info (12128): Elaborating entity "GameOverFSM" for hierarchy "Game:game1|GameOverFSM:gameisover1" File: /home/dimple/Downloads/Second Year- Second Semester/EE 214- Digital Lab/ReactionGame/ReactionGame.vhd Line: 357
Info (12128): Elaborating entity "lcd_controller" for hierarchy "lcd_controller:display" File: /home/dimple/Downloads/Second Year- Second Semester/EE 214- Digital Lab/ReactionGame/ReactionGame.vhd Line: 637
Warning (10036): Verilog HDL or VHDL warning at ReactionGame.vhd(425): object "count_next_data" assigned a value but never read File: /home/dimple/Downloads/Second Year- Second Semester/EE 214- Digital Lab/ReactionGame/ReactionGame.vhd Line: 425
Warning (10036): Verilog HDL or VHDL warning at ReactionGame.vhd(426): object "count_next_data1" assigned a value but never read File: /home/dimple/Downloads/Second Year- Second Semester/EE 214- Digital Lab/ReactionGame/ReactionGame.vhd Line: 426
Warning (10036): Verilog HDL or VHDL warning at ReactionGame.vhd(427): object "cmd_line_next" assigned a value but never read File: /home/dimple/Downloads/Second Year- Second Semester/EE 214- Digital Lab/ReactionGame/ReactionGame.vhd Line: 427
Warning (13024): Output pins are stuck at VCC or GND
    Warning (13410): Pin "lcd_rw" is stuck at GND File: /home/dimple/Downloads/Second Year- Second Semester/EE 214- Digital Lab/ReactionGame/ReactionGame.vhd Line: 592
    Warning (13410): Pin "b11" is stuck at VCC File: /home/dimple/Downloads/Second Year- Second Semester/EE 214- Digital Lab/ReactionGame/ReactionGame.vhd Line: 596
    Warning (13410): Pin "b12" is stuck at GND File: /home/dimple/Downloads/Second Year- Second Semester/EE 214- Digital Lab/ReactionGame/ReactionGame.vhd Line: 597
Info (17049): 2 registers lost all their fanouts during netlist optimizations.
Info (21057): Implemented 374 device resources after synthesis - the final resource count might be different
    Info (21058): Implemented 4 input pins
    Info (21059): Implemented 26 output pins
    Info (21061): Implemented 344 logic cells
Info: Quartus Prime Analysis & Synthesis was successful. 0 errors, 11 warnings
    Info: Peak virtual memory: 1229 megabytes
    Info: Processing ended: Fri Apr 20 21:17:24 2018
    Info: Elapsed time: 00:00:18
    Info: Total CPU time (on all processors): 00:00:41


